[19/01/2014 13:22:18] Zjarane Emo: jakie expicv :D 
[19/01/2014 18:36:34] Afghan: jest god?
[20/01/2014 01:38:30] Patrol Here: elo
[20/01/2014 01:38:30] Patrol Here: xd
[25/01/2014 17:45:51] Karem: you can give me items ?
[25/01/2014 22:12:38] Ciepla: czym sie lepiej leczyc gmp czy mr?
[28/01/2014 14:54:33] Mapper Kesho: yoyo
[28/01/2014 19:47:58] Kesis Eilico: Gm to pedal co sie w dupe sprzedal
[29/01/2014 09:44:01] Kesis Eilico: hi
[03/02/2014 22:06:44] Meet You Makers: Witam !
[04/02/2014 19:18:04] Toriar Eilico: GM to pedal
[04/02/2014 19:18:14] Toriar Eilico: GM big noob
[04/02/2014 19:18:29] Toriar Eilico: a GM daniel stawia mi potworki !!
[05/02/2014 20:00:49] Suis: Znalazlem buga mapy
[05/02/2014 20:03:29] Suis: chodz
[05/02/2014 20:12:35] Suis: A ten ots to syf . '-'4
[06/02/2014 18:00:49] Flybner: witajcie.
[06/02/2014 18:21:56] Flybner: jest admin ? :)
[07/02/2014 16:28:52] Trzix Ed: Mam sprawe do Gm
[07/02/2014 16:31:49] Tenshi: jest gm?
[09/02/2014 20:09:28] Afghan: siema
[11/02/2014 16:59:24] Cryspy: y z klasy
[14/02/2014 17:38:20] Duposz: jest xzero?
[18/02/2014 14:25:40] Motresh: Daniel
[19/02/2014 15:49:33] Hary: rhx
[19/02/2014 17:33:21] Cyypheer: help me
[20/02/2014 09:12:12] Cyypheer: /a 1
[20/02/2014 09:12:14] Cyypheer: !xD
[23/02/2014 22:58:08] Fujitsu: jest jakis admin?
[24/02/2014 18:36:19] Iluzion: good
[25/02/2014 08:38:35] Soe: elo
[25/02/2014 20:32:33] Bruce Lee: Pomocyyy... :/
[25/02/2014 20:33:20] Bruce Lee: Pomocyyy... :/
[26/02/2014 11:14:16] Amosa: gm
[26/02/2014 11:14:18] Amosa: please
[26/02/2014 11:14:23] Amosa: i need donatian
[02/03/2014 11:54:58] Wariat: ja
[02/03/2014 11:54:58] Lucyfer: ja
[02/03/2014 11:55:04] Kamyl: ja moge xd
[02/03/2014 11:55:29] Daniel: idzcie do temple
[02/03/2014 11:57:00] Lucyfer: ja
[02/03/2014 11:59:34] Wariat: gm aj padam
[02/03/2014 12:01:13] Wariat: na evencie padlem
[02/03/2014 12:02:50] Daniel: goto Lucyfer
[02/03/2014 12:04:15] Wariat: daniel zrob mr a nie potami
[02/03/2014 12:04:26] Kamyl: jeste mr
[02/03/2014 13:49:48] Justynka: jest tu ktos???
[02/03/2014 14:22:38] Justynka: lucyfer 
[03/03/2014 15:21:52] Justynka: Jest ktos?????
[03/03/2014 16:34:11] Klaudiaa: Zapraszam na serwer FunOTS IP: 89.187.246.151, expstage zmienia sie przy 200,400,600 lvl gwarantujemy swietna zabawe. Zapraszam Videl
[05/03/2014 16:00:58] Justynka: jest ktos?
[27/03/2014 07:51:24] Erigoss: ahi
[27/03/2014 07:51:28] Erigoss: hi
