[03/03/2014 17:30:06] /n baa
[03/03/2014 17:30:20] /n azil
[03/03/2014 18:17:20] /i 10503
[03/03/2014 20:01:50] /goto Gruby
[03/03/2014 20:08:38] /t
[03/03/2014 20:08:55] /i 2184
[03/03/2014 20:09:01] /goto Gruby
[03/03/2014 20:09:26] /c Draken Elite
[03/03/2014 20:10:10] /t 
[03/03/2014 20:10:12] /c Draken Elite
[03/03/2014 20:10:19] /c Gruby
[03/03/2014 20:11:16] /c Gruby
[03/03/2014 20:11:53] /c Gruby
[03/03/2014 20:13:37] /r
[03/03/2014 20:13:44] /i 407
[03/03/2014 20:13:48] /i 407
[03/03/2014 20:13:51] /r
[03/03/2014 20:13:55] /r
[03/03/2014 20:13:56] /r
[03/03/2014 20:13:58] /r
[03/03/2014 20:14:01] /i 407
[03/03/2014 20:14:02] /i 407
[03/03/2014 20:14:05] /i 407
[03/03/2014 20:14:07] /i 407
[03/03/2014 20:14:10] /i 407
[03/03/2014 20:14:12] /i 407
[03/03/2014 20:14:15] /r
[03/03/2014 20:14:17] /r
[03/03/2014 20:14:20] /r
[03/03/2014 20:14:24] /r
[03/03/2014 20:14:25] /r
[03/03/2014 20:14:37] /goto Gruby
[03/03/2014 20:15:00] /t
[03/03/2014 20:22:18] /t
[03/03/2014 20:23:06] /t
[04/03/2014 15:10:07] /goto Paola Rey
[04/03/2014 15:17:08] /goto Paola Rey
[04/03/2014 17:40:38] /t
[04/03/2014 17:44:34] /goto Gruby
[04/03/2014 17:45:25] /t
[04/03/2014 17:47:05] /t
[07/03/2014 13:44:56] /owner Daniel
[07/03/2014 13:45:55] /t
[07/03/2014 13:46:12] /owner Daniel
[07/03/2014 13:46:33] /t
[07/03/2014 13:48:19] /r
[07/03/2014 13:48:21] /r
[07/03/2014 13:48:35] /t
[07/03/2014 13:48:57] /t
[07/03/2014 14:32:56] /t
[07/03/2014 14:33:08] /goto Tia
[07/03/2014 19:23:30] /t
[10/03/2014 10:36:55] /t
[10/03/2014 10:38:14] /s Nomad
[10/03/2014 10:38:58] /s Nomad
[10/03/2014 10:39:13] /r
[10/03/2014 10:39:24] /s Nomad
[10/03/2014 10:39:42] /s Nomad
[10/03/2014 10:40:06] /s Nomad
[10/03/2014 10:40:34] /r
[10/03/2014 10:40:37] /t
[10/03/2014 10:40:42] /clean
[10/03/2014 10:40:45] /m Thul
[11/03/2014 10:54:43] /addskill Cryspy,level,9
[11/03/2014 10:54:56] /addskill Cryspy,level,490
[13/03/2014 13:17:04] /i 2780
[13/03/2014 13:17:10] /i 2780
[13/03/2014 13:17:14] /i 2780
[13/03/2014 13:17:18] /m Trainer
[13/03/2014 13:17:19] /m Trainer
[13/03/2014 13:18:39] /t
[13/03/2014 13:18:58] /r
[13/03/2014 13:19:01] /r
[13/03/2014 13:19:05] /m Training Monk
[13/03/2014 13:19:07] /m Training Monk
[14/03/2014 10:25:14] /t
[20/03/2014 13:15:59] /r
[20/03/2014 13:16:00] /r
[20/03/2014 13:16:00] /r
[20/03/2014 13:16:01] /r
[20/03/2014 13:16:01] /r
[20/03/2014 13:16:02] /r
[20/03/2014 13:16:02] /r
[20/03/2014 13:16:03] /r
[20/03/2014 13:16:03] /r
[20/03/2014 13:16:04] /r
[20/03/2014 13:16:04] /r
[20/03/2014 13:16:05] /r
[20/03/2014 13:16:05] /r
[20/03/2014 13:16:06] /r
[20/03/2014 13:16:06] /r
[20/03/2014 13:16:07] /r
[20/03/2014 13:16:07] /r
[20/03/2014 13:16:07] /r
[20/03/2014 13:16:08] /r
[20/03/2014 13:16:09] /r
[20/03/2014 13:16:09] /r
[20/03/2014 13:16:10] /r
[20/03/2014 13:16:21] /r
[21/03/2014 11:24:57] /a 20
[21/03/2014 11:24:58] /a 20
[21/03/2014 11:25:00] /a 20
[21/03/2014 11:26:36] /reload globalevents
[21/03/2014 11:28:22] /reload globalevents
[21/03/2014 11:32:20] /reload globalevents
[21/03/2014 11:35:13] /reload globalevents
[21/03/2014 11:37:03] /reload globalevents
[21/03/2014 11:37:35] /reload globalevents
[21/03/2014 11:40:20] /t
[21/03/2014 12:35:18] /ghost
[21/03/2014 12:35:22] /a 1
[21/03/2014 12:35:37] /goto Legendosam
[21/03/2014 12:35:40] /goto Legendosam
[21/03/2014 12:35:41] /goto Legendosam
[21/03/2014 12:40:51] /reload world
[21/03/2014 12:42:59] /reload items
[21/03/2014 12:47:04] /reload world
[21/03/2014 12:47:08] /reload world
[21/03/2014 18:49:01] /a 2
[21/03/2014 18:49:12] /goto Elite Ciastko 
[21/03/2014 18:49:14] /goto Elite Ciastko 
[21/03/2014 18:49:17] /goto Elite Ciastko 
[21/03/2014 18:49:19] /goto Elite Ciastko 
[21/03/2014 18:53:02] /t
[21/03/2014 18:57:05] /reload globalevents
[21/03/2014 18:59:13] /reload globalevents
[21/03/2014 18:59:21] /reload globalevents
[21/03/2014 19:00:14] /reload globalevents
[21/03/2014 19:00:26] /t
[21/03/2014 19:00:39] /ghost
[21/03/2014 19:00:48] /ghost
[21/03/2014 19:00:50] /goto Elite Ciastko
[21/03/2014 19:00:56] /ghost
[21/03/2014 19:04:08] /attr set attack 9999999999999
[21/03/2014 19:04:19] /attr set attack 9999999999
[21/03/2014 19:04:27] /attr set attack 99999999
[21/03/2014 19:04:35] /attr set attack 999999
[21/03/2014 19:04:43] /attr set attack 99999
[21/03/2014 19:04:50] /attr set attack 9999
[21/03/2014 19:05:01] /attr set attack 999
[21/03/2014 19:05:17] /attr set attack +9999
[21/03/2014 19:05:32] /attr set attack + 9999
[21/03/2014 19:05:37] /attr set attack +9999
[21/03/2014 19:05:41] /attr set attack +9999+
[21/03/2014 19:05:58] /attr set attack 99999999
[21/03/2014 19:07:45] /reload globalevents
[21/03/2014 19:09:04] /reload globalevents
[21/03/2014 19:09:57] /t
[21/03/2014 19:10:25] /reload globalevents
[21/03/2014 19:11:01] /reload globalevents
[21/03/2014 19:11:59] /reload globalevents
[21/03/2014 19:13:12] /reload globalevents
[21/03/2014 19:14:38] /reload globalevents
[21/03/2014 19:14:47] /reload globalevents
[21/03/2014 19:15:04] /reload globalevents
[22/03/2014 05:24:16] /t
[22/03/2014 05:24:40] /up
[22/03/2014 05:25:34] /ghost
[22/03/2014 05:25:40] /goto Tomson
[22/03/2014 05:25:52] /goto Elite Ciastko 
[22/03/2014 05:25:54] /t
[22/03/2014 05:25:57] /ghost
[22/03/2014 05:26:05] /clean
[22/03/2014 05:29:27] /t
[22/03/2014 05:32:32] /reload globalevents
[22/03/2014 05:33:09] /reload globalevents
[22/03/2014 05:33:53] /reload globalevents
[22/03/2014 05:34:39] /reload globalevents
[22/03/2014 05:35:17] /reload globalevents
[22/03/2014 05:35:51] /reload globalevents
[22/03/2014 05:36:04] /t
[30/03/2014 07:58:01] /i 2591
[30/03/2014 07:58:25] /r
[30/03/2014 07:58:39] /up
[30/03/2014 07:58:39] /up
[30/03/2014 08:18:45] /goto Mlody.1039
[30/03/2014 08:30:55] /goto Mlody.1039
