[19/01/2014 00:11:56] /closeserver
[19/01/2014 00:30:55] /closeserver
[19/01/2014 00:31:01] /closeserver
[19/01/2014 00:31:05] /shutdown
[19/01/2014 12:13:09] /ghost
[19/01/2014 12:23:33] /reload monsters
[19/01/2014 12:23:35] /r
[19/01/2014 12:23:36] /r
[19/01/2014 12:23:37] /r
[19/01/2014 12:23:39] /r
[19/01/2014 12:23:40] /r
[19/01/2014 12:23:42] /r
[19/01/2014 12:23:51] /m rotworm
[19/01/2014 12:23:53] /r
[19/01/2014 12:23:56] /r
[19/01/2014 12:23:57] /r
[19/01/2014 12:23:58] /r
[19/01/2014 12:23:59] /r
[19/01/2014 12:24:00] /r
[19/01/2014 12:25:25] /reload stages
[19/01/2014 12:25:34] /reload stages
[19/01/2014 12:25:47] /i fire sword
[19/01/2014 12:27:32] /bc . fast fix back in 30 sec
[19/01/2014 12:27:34] /save
[19/01/2014 12:27:48] /t
[19/01/2014 13:16:40] /i 2160
[19/01/2014 13:17:18] /attr group 7
[19/01/2014 14:07:46] /t
[19/01/2014 14:07:53] /b juz?
[19/01/2014 14:07:58] /t
[19/01/2014 14:08:05] /goto daniel
[19/01/2014 14:10:33] /goto daniel
[19/01/2014 14:10:41] /ghost
[20/01/2014 23:24:39] /goto daniel
[20/01/2014 23:25:20] /t
[21/01/2014 17:01:25] /goto daniel
[21/01/2014 17:03:14] /t
[21/01/2014 17:04:20] /n Varkhal.
[21/01/2014 17:04:21] /n Varkhal
[21/01/2014 17:07:01] /i addon doll
[23/01/2014 11:09:06] /save
[23/01/2014 11:09:18] /shutdown
[23/01/2014 11:10:28] /t
[27/01/2014 14:04:07] /t
[29/01/2014 23:01:48] /up
[29/01/2014 23:01:51] /down
[29/01/2014 23:01:55] /down
[29/01/2014 23:02:57] /t
[29/01/2014 23:04:53] /c daniel
[29/01/2014 23:05:10] /c daniel
[29/01/2014 23:05:10] /c daniel
[29/01/2014 23:06:13] /c daniel
[29/01/2014 23:06:38] /c daniel
[29/01/2014 23:06:40] /c daniel
[29/01/2014 23:07:46] /up
[29/01/2014 23:07:47] /up
[29/01/2014 23:07:48] /up
[29/01/2014 23:18:07] /r
[29/01/2014 23:18:19] /s rat
[29/01/2014 23:18:34] /r
[29/01/2014 23:18:36] /r
[29/01/2014 23:18:37] /t
[29/01/2014 23:18:47] /goto daniel
[29/01/2014 23:19:34] /r
[29/01/2014 23:19:51] /bc / Uptime: 156 hours and 10 minutes.
[29/01/2014 23:19:53] /t
[29/01/2014 23:19:57] /ghost
[29/01/2014 23:20:17] /r
[29/01/2014 23:20:36] /r
[29/01/2014 23:26:33] /goto Ka'i
[29/01/2014 23:26:40] /goto Ka'i
[29/01/2014 23:26:43] /goto Ka'i
[29/01/2014 23:27:27] /t
[02/02/2014 01:25:50] /kick Wojax
[02/02/2014 18:22:51] /ghost
[02/02/2014 18:25:25] /kick Mija
[02/02/2014 18:25:32] /kick Frag
[02/02/2014 18:25:43] /kick Terkop
[02/02/2014 18:25:50] /kick Miner
[02/02/2014 18:26:03] /kick Finderak
[02/02/2014 18:26:27] /kick Mire Das
[02/02/2014 18:26:49] /kick Odrzucony
[02/02/2014 18:26:57] /kick Schizofremia
[02/02/2014 18:27:05] /kick Minia
[02/02/2014 18:27:13] /kick Masakratorka
[05/02/2014 19:04:32] /bc . Uptime: 319 hours and 55 minutes
[05/02/2014 19:04:52] /goto daniel
[05/02/2014 19:05:22] /r
[05/02/2014 19:05:26] /a 1
[05/02/2014 19:05:38] /a 1
[05/02/2014 19:05:41] /a 1
[05/02/2014 19:05:48] /i 7348
[05/02/2014 19:06:25] /newtype Daniel,302
[05/02/2014 19:06:35] /newtype 302,daniel
[05/02/2014 19:22:14] /t
[05/02/2014 19:22:20] /c daniel
[05/02/2014 19:30:40] /n Addoner
[05/02/2014 19:31:46] /reload npc
[05/02/2014 19:47:52] /reload npc
[05/02/2014 19:48:32] /bc . Addoner should work now!
[05/02/2014 19:49:53] /bc / Small Update of OTS back in 3 Minutes!
[05/02/2014 19:50:01] /shutdown 3
[05/02/2014 19:51:47] /bc / Small Update of OTS back in 3 Minutes!
[05/02/2014 19:52:22] /bc / Small Update of OTS back in 3 Minutes!
[05/02/2014 19:52:47] /bc / Small Update of OTS back in 3 Minutes!
[05/02/2014 19:53:00] /bc / Small Update of OTS back in 3 Minutes!
[05/02/2014 19:53:01] /bc / Small Update of OTS back in 3 Minutes!
[05/02/2014 19:54:05] /a 2
[05/02/2014 19:56:37] /goto daniel
[05/02/2014 19:58:01] /attr set acton 7001
[05/02/2014 19:58:11] /attr  acton 7001
[05/02/2014 19:58:21] /attr set  acton 7001
[05/02/2014 20:03:26] /attr actionid 7001
[06/02/2014 00:01:01] /t
[06/02/2014 00:01:07] /r
[06/02/2014 00:01:16] /r 100
[06/02/2014 00:01:27] /r
[06/02/2014 00:01:31] /r
[06/02/2014 00:01:34] /r
[06/02/2014 00:01:36] /r
[06/02/2014 00:01:37] /r
[06/02/2014 00:01:44] /r 100
[06/02/2014 00:01:57] /kick Miner
[06/02/2014 00:02:11] /kick Finderak
[06/02/2014 00:02:21] /kick Frag
[06/02/2014 00:02:32] /kick Mija
[06/02/2014 00:03:26] /kick Minia
[06/02/2014 00:03:37] /kick Mire Das
[06/02/2014 00:03:59] /kick Trzix Ed
[06/02/2014 00:04:11] /kick Tenshi
[06/02/2014 00:04:21] /kick Tenshi
[06/02/2014 00:04:28] /kick Terkop
[06/02/2014 00:05:09] /t
[06/02/2014 00:05:28] /bc / small fix back in 1 minute!
[06/02/2014 00:05:38] /shutdown 1
[06/02/2014 00:06:11] /bc / small fix back in 1 minute!
[06/02/2014 00:06:15] /bc / small fix back in 1 minute!
[06/02/2014 00:06:16] /bc / small fix back in 1 minute!
[06/02/2014 00:06:17] /bc / small fix back in 1 minute!
[06/02/2014 00:06:18] /bc / small fix back in 1 minute!
[06/02/2014 00:06:19] /bc / small fix back in 1 minute!
[06/02/2014 00:06:20] /bc / small fix back in 1 minute!
[06/02/2014 00:07:44] /t
[06/02/2014 00:08:24] /t
[06/02/2014 00:08:24] /t
[06/02/2014 00:10:04] /goto Ka'i
[06/02/2014 00:10:25] /goto Ka'i
[06/02/2014 00:11:00] /goto Ka'i
[06/02/2014 00:11:53] /attr set level 800
[06/02/2014 00:12:46] /r
[06/02/2014 00:14:01] /t
[06/02/2014 00:14:54] /attr UniqueID 13700
[06/02/2014 00:15:31] /t
[06/02/2014 00:16:08] /i 10779
[06/02/2014 00:16:44] /attr actionid 1800
[06/02/2014 00:17:46] /goto Ka'i
[06/02/2014 00:25:18] /t
[09/02/2014 16:23:22] /bc Small Update of OTS back in 1 Minute!
[09/02/2014 16:23:29] /shutdown 1
[09/02/2014 16:23:30] /t
[09/02/2014 16:23:57] /bc Small Update of OTS back in 1 Minute!
[09/02/2014 16:23:58] /bc Small Update of OTS back in 1 Minute!
[09/02/2014 16:23:58] /bc Small Update of OTS back in 1 Minute!
[09/02/2014 16:26:14] /t
[09/02/2014 16:27:18] /t
[09/02/2014 16:27:36] /t
[09/02/2014 16:28:32] /t
[09/02/2014 16:28:36] /t
[09/02/2014 16:28:45] /t
[09/02/2014 16:28:46] /t
[09/02/2014 16:28:50] /t
[09/02/2014 16:28:53] /t
[09/02/2014 16:29:16] /t
[09/02/2014 16:29:19] /t
[09/02/2014 16:29:35] /t
[09/02/2014 16:29:40] /t
[09/02/2014 16:30:53] /t
[09/02/2014 16:33:50] /t
[09/02/2014 16:33:58] /t
[09/02/2014 16:34:40] /t
[09/02/2014 16:35:01] /t
[09/02/2014 16:35:55] /reload globalevents
[09/02/2014 16:36:40] /t
[09/02/2014 16:36:41] /reload globalevents
[09/02/2014 16:37:04] /t
[09/02/2014 16:37:15] /t
[09/02/2014 16:42:20] /a 2
[09/02/2014 16:42:22] /a 2
[09/02/2014 16:42:23] /a 2
[09/02/2014 16:43:07] /goto daniel
[09/02/2014 16:44:10] /goto daniel
[09/02/2014 16:44:47] /t
[09/02/2014 16:46:58] /t
[09/02/2014 16:47:00] /reload mods
[09/02/2014 16:48:33] /save
[10/02/2014 19:09:35] /t
[10/02/2014 19:10:50] /t
[10/02/2014 19:11:13] /save
[10/02/2014 19:11:20] /reload monsters
[10/02/2014 19:11:25] /reload iteams
[10/02/2014 19:11:29] /reload iteam
[10/02/2014 19:11:35] /reload iteams
[10/02/2014 19:11:40] /reload iteam
[10/02/2014 19:11:42] /reload iteams
[10/02/2014 19:11:47] /reload weapons
[10/02/2014 19:11:54] /reload iteam
[10/02/2014 19:11:57] /reload iteams
[10/02/2014 19:12:40] /goto 18:12 Toriar Eilico [600]: na tp expo :D
[10/02/2014 19:12:46] /goto Toriar Eilico
[10/02/2014 19:15:05] /bc /  Small Update back in 1 Minute
[10/02/2014 19:15:12] /shutdown 1
[10/02/2014 19:15:18] /bc /  Small Update back in 1 Minute
[10/02/2014 19:15:19] /bc /  Small Update back in 1 Minute
[10/02/2014 19:15:49] /bc /  Small Update back in 1 Minute
[10/02/2014 19:23:31] /t
[10/02/2014 19:23:51] /t
[10/02/2014 19:26:47] /t
[10/02/2014 19:26:48] /up
[11/02/2014 10:00:32] /t
[11/02/2014 15:56:56] /t
[11/02/2014 15:57:03] /goto daniel
[11/02/2014 15:57:25] /demote Cryspy
[11/02/2014 15:57:26] /demote Cryspy
[11/02/2014 15:57:27] /demote Cryspy
[11/02/2014 15:58:32] /newtype 128,Cryspy
[11/02/2014 15:59:55] /goto Cryspy
[11/02/2014 16:00:00] /promote Cryspy
[11/02/2014 16:00:01] /promote Cryspy
[11/02/2014 16:00:02] /promote Cryspy
[11/02/2014 16:00:30] /kick Cryspy
[11/02/2014 16:06:26] /t
[11/02/2014 16:06:59] /goto daniel
[11/02/2014 16:08:15] /t
[11/02/2014 16:18:01] /reload talkactions
[11/02/2014 16:18:09] /jail Daniel
[11/02/2014 16:18:20] /jail Daniel
[11/02/2014 16:18:43] /jail Daniel
[11/02/2014 16:20:51] /reload talkactions
[11/02/2014 16:20:54] /jail Daniel
[11/02/2014 16:21:11] /reload talkactions
[11/02/2014 16:21:14] /jail Daniel
[11/02/2014 16:21:23] /jail
[11/02/2014 16:21:28] /unjail
[11/02/2014 16:22:12] /reload talkactions
[11/02/2014 16:22:15] /jail
[11/02/2014 16:22:18] /jail Daniel
[11/02/2014 16:30:59] /reload talkactions
[11/02/2014 16:57:54] /reload talkactions
[11/02/2014 17:05:57] /reload talkactions
[11/02/2014 17:05:59] /jail Daniel
[11/02/2014 17:06:08] /jail Daniel
[11/02/2014 17:06:12] /jail Daniel
[11/02/2014 17:06:28] /jail Daniel
[11/02/2014 17:06:34] /unjail daniel
[11/02/2014 17:06:47] /jail Tester
[11/02/2014 17:07:01] /unjail Tester
[11/02/2014 17:07:07] /goto Tester
[11/02/2014 17:07:12] /t Tester
[11/02/2014 17:07:13] /t
[11/02/2014 17:08:15] /reload talkactions
[11/02/2014 17:08:20] /jail Tester
[11/02/2014 17:08:59] /unjail Tester
[11/02/2014 17:09:02] /t
[11/02/2014 17:09:39] /reload talkactions
[11/02/2014 17:09:44] /jail Tester
[11/02/2014 17:09:59] /unjail Tester
[11/02/2014 17:10:03] /c tester
[11/02/2014 17:11:00] /reload talkactions
[11/02/2014 17:11:03] /jail Tester
[11/02/2014 17:11:05] /jail Tester
[11/02/2014 17:15:21] /reload talkactions
[11/02/2014 17:16:15] /reload talkactions
[11/02/2014 17:16:51] /reload talkactions
[11/02/2014 17:16:52] /jail Tester
[11/02/2014 17:16:58] /goto tester
[11/02/2014 17:17:07] /jail Tester
[11/02/2014 17:17:20] /jail Cryspy
[11/02/2014 17:22:50] /reload talkactions
[11/02/2014 17:22:54] /jail Cryspy
[11/02/2014 17:23:02] /jail Tester
[11/02/2014 17:23:06] /jail daniel
[11/02/2014 17:23:08] /jail daniel
[11/02/2014 17:24:35] /jail daniel
[11/02/2014 17:24:53] /reload talkactions
[11/02/2014 17:24:55] /jail daniel
[11/02/2014 17:24:56] /jail daniel
[11/02/2014 17:29:28] /reload talkactions
[11/02/2014 17:29:30] /jail daniel
[11/02/2014 17:29:32] /jail daniel
[11/02/2014 17:29:43] /unjail daniel
[11/02/2014 17:29:48] /jail daniel
[11/02/2014 17:29:51] /unjail daniel
[11/02/2014 17:30:02] /unjail daniel
[11/02/2014 17:30:04] /jail daniel
[11/02/2014 17:31:31] /unjail daniel
[11/02/2014 17:31:33] /jail daniel
[11/02/2014 17:31:37] /jail daniel
[11/02/2014 17:32:14] /unjail daniel
[11/02/2014 17:32:18] /jail daniel
[11/02/2014 17:32:28] /reload talkactions
[11/02/2014 17:32:30] /jail daniel
[11/02/2014 17:32:33] /unjail daniel
[11/02/2014 17:33:11] /reload talkactions
[11/02/2014 17:33:13] /unjail daniel
[11/02/2014 17:33:17] /jail daniel
[11/02/2014 17:33:25] /t
[11/02/2014 17:33:31] /jail mlody.1039
[11/02/2014 17:33:38] /b oo
[11/02/2014 17:33:44] /unjail mlody.1039
[11/02/2014 17:33:47] /t
[11/02/2014 17:34:04] /goto daniel
[11/02/2014 17:34:40] /jail Tester
[11/02/2014 17:34:46] /unjail Tester
[11/02/2014 17:34:48] /unjail Tester
[11/02/2014 17:34:48] /unjail Tester
[11/02/2014 17:34:50] /jail Tester
[11/02/2014 17:35:26] /reload talkactions
[11/02/2014 17:35:38] /jail Mija
[11/02/2014 17:36:07] /unjail Mija
[11/02/2014 17:36:11] /t
[11/02/2014 17:36:16] /goto Mija
[11/02/2014 17:36:19] /t Mija
[11/02/2014 17:36:19] /t
[11/02/2014 18:19:00] /reload talkactions
[11/02/2014 18:19:09] /jail Mija
[11/02/2014 18:19:17] /unjail Mija
[11/02/2014 18:19:30] /jail Cryspy
[11/02/2014 18:19:41] /unjail Cryspy
[11/02/2014 18:19:47] /jail Mlody.1039
[11/02/2014 18:19:53] /unjail Mlody.1039
[11/02/2014 18:20:13] /jail Daniel
[11/02/2014 18:20:18] /unjail Daniel
[11/02/2014 18:20:19] /unjail Daniel
[11/02/2014 18:20:20] /unjail Daniel
[11/02/2014 18:20:41] /t
[11/02/2014 18:21:05] /unjail Mija
[11/02/2014 18:21:13] /jail Mija
[11/02/2014 18:21:24] /unjail Mija
[11/02/2014 18:21:27] /jail Mija
[11/02/2014 18:21:35] /unjail Mija
[11/02/2014 18:24:05] /i 424
[11/02/2014 18:26:56] /bc / Please Vist our website http://modernots.eu/
[11/02/2014 18:28:37] /t
[11/02/2014 20:35:18] /kick Zapomiany Knight
[11/02/2014 20:35:28] /kick Blackmen
[11/02/2014 20:35:37] /kick Weednes
[11/02/2014 20:38:15] /reload mods
[11/02/2014 20:40:32] /t
[12/02/2014 02:18:37] /t
[12/02/2014 11:04:03] /t
[12/02/2014 19:11:22] /goto daniel
[12/02/2014 19:11:25] /goto daniel
[12/02/2014 19:47:44] /goto Toriar Eilico
[12/02/2014 19:49:53] /t
[12/02/2014 19:49:57] /t
[13/02/2014 17:55:47] /reload mods
[13/02/2014 17:55:50] /i 9004
[13/02/2014 17:56:03] /t
[13/02/2014 17:58:27] /reload movements
[13/02/2014 18:00:18] /reload movements
[13/02/2014 18:06:30] /reload talkactions
[13/02/2014 18:15:34] /c daniel
[13/02/2014 18:16:54] /bc / New System !exp Monster name
[13/02/2014 18:19:58] /reload talkactions
[13/02/2014 18:20:02] /p Daniel
[13/02/2014 18:20:09] /p Daniel
[13/02/2014 18:20:25] /p Daniel,2160
[13/02/2014 18:20:38] /p Zapomniany Ed
[13/02/2014 18:21:57] /reload talkactions
[13/02/2014 18:21:59] /p Daniel,2160
[13/02/2014 18:22:03] /p Daniel
[13/02/2014 18:22:22] /p check,daniel
[13/02/2014 18:25:24] /reload talkactions
[13/02/2014 18:30:18] /reload talkactions
[13/02/2014 18:31:27] /reload talkactions
[13/02/2014 18:31:56] /reload talkactions
[13/02/2014 18:33:03] /reload talkaction
[13/02/2014 18:33:06] /reload talkactions
[13/02/2014 18:33:33] /t
[13/02/2014 18:33:40] /c daniel
[13/02/2014 18:57:21] /save
[13/02/2014 18:57:30] /reload globalevents
[13/02/2014 18:57:50] /reload globalevents
[13/02/2014 18:59:05] /reload globalevents
[13/02/2014 19:01:47] /i vip medal
[13/02/2014 19:01:49] /i vip 
[13/02/2014 19:02:28] /i 50223
[13/02/2014 19:04:01] /reload globalevents
[13/02/2014 19:04:22] /reload globalevents
[13/02/2014 19:06:45] /reload globalevents
[13/02/2014 19:08:09] /reload globalevents
[13/02/2014 19:09:45] /reload globalevents
[13/02/2014 19:10:18] /reload globalevents
[13/02/2014 19:17:25] /reload globalevents
[13/02/2014 19:18:13] /reload globalevents
[13/02/2014 19:19:00] /reload globalevents
[13/02/2014 20:25:50] /reload actions
[13/02/2014 20:25:59] /i 2557
[13/02/2014 20:29:29] /reload mods
[13/02/2014 20:30:17] /reload mods
[13/02/2014 20:30:32] /reload mods
[13/02/2014 20:31:00] /reload mods
[13/02/2014 20:32:49] /reload mods
[13/02/2014 20:33:09] /t
[13/02/2014 20:35:14] /reload mods
[13/02/2014 20:43:49] /kick Daniel
[13/02/2014 20:43:56] /r
[13/02/2014 20:45:09] /attr skull 1
[13/02/2014 20:45:11] /attr skull 
[13/02/2014 20:45:15] /attr skull 
[13/02/2014 20:45:26] /r
[13/02/2014 20:45:44] /i hammer
[13/02/2014 20:45:59] /i 2557
[13/02/2014 20:46:47] /attr skull 
[13/02/2014 20:46:48] /r
[13/02/2014 20:47:16] /attr skull 
[13/02/2014 20:47:20] /r
[13/02/2014 20:47:25] /r
[13/02/2014 20:50:50] /attr skull 
[13/02/2014 20:51:19] /attr skull 
[13/02/2014 20:51:24] /attr skull 
[13/02/2014 20:51:27] /attr skull 
[13/02/2014 20:51:42] /attr skull  1
[13/02/2014 20:51:43] /attr skull  2
[13/02/2014 20:51:44] /attr skull  3
[13/02/2014 20:51:46] /attr skull  4
[13/02/2014 20:51:47] /attr skull  5
[13/02/2014 20:51:49] /attr skull  
[13/02/2014 20:54:40] /i status
[13/02/2014 20:54:44] /i king
[13/02/2014 20:58:41] /attr uniqueid 65415
[13/02/2014 20:59:08] /reload actions
[13/02/2014 20:59:47] /reload actions
[13/02/2014 21:00:19] /i 9751
[13/02/2014 21:00:22] /attr uniqueid 65415
[13/02/2014 21:01:26] /reload actions
[13/02/2014 21:01:33] /r
[13/02/2014 21:02:14] /reload actions
[13/02/2014 22:12:19] /reload movments
[13/02/2014 22:12:32] /reload movements
[13/02/2014 22:12:52] /attr set action 20001
[13/02/2014 22:13:03] /attr  action 20001
[13/02/2014 22:15:54] /attr  action 20002
[13/02/2014 22:15:59] /attr  action 20002
[13/02/2014 22:16:00] /attr  action 20002
[13/02/2014 22:16:01] /attr  action 20002
[13/02/2014 22:16:02] /attr  action 20002
[13/02/2014 22:16:04] /attr  action 20002
[13/02/2014 22:16:18] /reload movements
[13/02/2014 22:28:17] /m rat
[13/02/2014 22:34:16] /reload talkactions
[13/02/2014 23:16:48] /reload talkactions
[13/02/2014 23:22:28] /reload talkactions
[13/02/2014 23:34:50] /reload talkactions
[13/02/2014 23:47:27] /reload talkactions
[14/02/2014 11:16:04] /m rat
[14/02/2014 11:17:44] /bc / Small update of OTS Back In 1 Minute!
[14/02/2014 11:17:49] /shutdown 1
[14/02/2014 11:18:10] /bc / Small update of OTS Back In 1 Minute!
[14/02/2014 11:18:25] /bc / Small update of OTS Back In 1 Minute!
[14/02/2014 11:18:35] /bc / Small update of OTS Back In 1 Minute!
[14/02/2014 11:20:39] /i heal potion
[14/02/2014 11:22:12] /t
[14/02/2014 11:28:52] /attr action 20001
[14/02/2014 11:28:58] /attr action 20002
[14/02/2014 11:28:59] /attr action 20002
[14/02/2014 11:29:02] /attr action 20002
[14/02/2014 11:29:04] /attr action 20002
[14/02/2014 11:29:06] /attr action 20002
[14/02/2014 11:29:08] /attr action 20002
[14/02/2014 12:01:13] /bc / small update of ots back in one minute!
[14/02/2014 12:01:16] /shutdown 2
[14/02/2014 12:01:28] /bc / small update of ots back in one minute!
[14/02/2014 12:01:40] /bc / small update of ots back in one minute!
[14/02/2014 12:07:40] /t
[14/02/2014 12:07:52] /attr action 2001
[14/02/2014 12:08:00] /attr action 20001
[14/02/2014 12:08:03] /attr action 20002
[14/02/2014 12:08:05] /attr action 20002
[14/02/2014 12:08:07] /attr action 20002
[14/02/2014 12:08:09] /attr action 20002
[14/02/2014 12:08:11] /attr action 20002
[14/02/2014 12:08:12] /attr action 20002
[14/02/2014 12:27:30] /r
[14/02/2014 12:27:38] /t
[14/02/2014 12:37:08] /t
[14/02/2014 12:39:58] /reload vocations
[14/02/2014 12:41:14] /reload config
[14/02/2014 13:07:42] /i 9004
[14/02/2014 13:08:35] /addskill Effect,level,300
[14/02/2014 13:08:48] /i 2160
[14/02/2014 13:08:50] /up
[14/02/2014 13:08:51] /up
[14/02/2014 13:08:55] /down
[14/02/2014 13:09:03] /down
[14/02/2014 13:09:05] /up
[14/02/2014 13:09:09] /i deamon armor
[14/02/2014 13:09:18] /i demon aromr
[14/02/2014 13:09:19] /t
[14/02/2014 13:09:54] /i 7368
[14/02/2014 13:10:06] /i 11237
[14/02/2014 13:10:19] /i red hemet
[14/02/2014 13:10:26] /i Red Helmet
[14/02/2014 13:10:31] /i Red armor
[14/02/2014 13:10:34] /i Red legs
[14/02/2014 13:10:41] /i sost
[14/02/2014 13:11:34] /i red shield
[14/02/2014 13:11:39] /i Red shield
[14/02/2014 13:13:09] /i red Shield
[14/02/2014 13:13:21] /i red  shield 
[14/02/2014 13:13:26] /i red shield 
[14/02/2014 13:13:36] /i Red shield 
[14/02/2014 13:13:43] /i Red Shield 
[14/02/2014 13:13:56] /t
[14/02/2014 13:19:10] /i 2160
[14/02/2014 13:26:37] /a 4
[14/02/2014 13:26:39] /a 4
[14/02/2014 15:53:24] /addskill effect,level,300
[14/02/2014 15:53:36] /addskill effect,magic,100
[14/02/2014 15:53:44] /addskill effect,shield,100
[14/02/2014 15:54:01] /addskill effect,distance,100
[14/02/2014 18:15:05] /goto daniel
[14/02/2014 18:16:00] /m demon
[14/02/2014 18:16:13] /m demon
[14/02/2014 18:16:43] /r
[14/02/2014 18:18:43] /t
[14/02/2014 18:18:58] /a 6
[14/02/2014 18:20:42] /t
[14/02/2014 18:22:08] /i flower
[14/02/2014 18:22:20] /up
[14/02/2014 18:22:33] /down
[14/02/2014 18:22:36] /i 10732
[14/02/2014 18:23:53] /r
[14/02/2014 18:23:55] /r
[14/02/2014 18:23:57] /up
[14/02/2014 18:24:06] /down
[14/02/2014 18:24:12] /i 4142
[14/02/2014 18:24:14] /i 4142
[14/02/2014 18:24:15] /i 4142
[14/02/2014 18:24:16] /i 4142
[14/02/2014 18:26:24] /reload globalevents
[14/02/2014 18:26:40] /reload globalevents
[14/02/2014 18:27:02] /reload globalevents
[14/02/2014 18:28:40] /reload movments
[14/02/2014 18:28:44] /reload movements
[14/02/2014 18:37:21] /reload mods
[14/02/2014 18:37:24] /t
[14/02/2014 18:38:54] /reload mods
[14/02/2014 18:39:04] /bc . od 19 exp x3 :)
[14/02/2014 18:43:06] /reload mods
[14/02/2014 18:46:06] /attr set def 99999999
[14/02/2014 18:46:14] /attr set defeance 99999999
[14/02/2014 18:46:32] /attr set defence 99999999
[14/02/2014 18:46:45] /attr set armor 999999999999
[14/02/2014 18:46:55] /attr set armor 99999999
[14/02/2014 18:47:00] /attr set armor 99999999
[14/02/2014 18:47:23] /attr set atack 9999999
[14/02/2014 18:47:32] /attr set atack 9999999
[14/02/2014 18:48:14] /attr defense 99999
[14/02/2014 18:48:22] /attr  set defense 99999
[14/02/2014 18:49:52] /r
[14/02/2014 18:50:08] /attr maxhealth 10
[14/02/2014 18:50:09] /attr maxhealth 10
[14/02/2014 18:50:15] /attr health 10
[14/02/2014 18:50:28] /attr maxhealth 1
[14/02/2014 18:50:30] /attr health 1
[14/02/2014 18:51:08] /attr droploot
[14/02/2014 18:51:18] /attr droploot
[14/02/2014 18:51:21] /t
[14/02/2014 18:51:33] /attr cannotmove
[14/02/2014 18:51:51] /attr maxmana 1
[14/02/2014 18:51:59] /attr mana 1
[14/02/2014 18:52:17] /attr fyi boooo
[14/02/2014 18:52:22] /attr fyi boooo
[14/02/2014 18:53:25] /attr marriage 1
[14/02/2014 18:54:34] /attr mana 0
[14/02/2014 18:54:53] /attr mana 10
[14/02/2014 18:55:12] /attr lossskill
[14/02/2014 18:55:18] /attr lossskill axe
[14/02/2014 18:55:21] /attr lossskill sword
[14/02/2014 18:55:33] /attr resetidle
[14/02/2014 18:55:41] /attr idle
[14/02/2014 18:55:53] /attr balance 999999
[14/02/2014 18:56:42] /attr guildnick Mario
[14/02/2014 18:56:59] /attr basespeed 1
[14/02/2014 18:57:46] /attr basespeed 999999999
[14/02/2014 18:57:47] /attr basespeed 999999999
[14/02/2014 18:57:48] /attr basespeed 999999999
[14/02/2014 18:57:49] /attr basespeed 999999999
[14/02/2014 18:57:50] /attr basespeed 999999999
[14/02/2014 18:57:51] /attr basespeed 999999999
[14/02/2014 18:57:52] /attr basespeed 999999999
[14/02/2014 18:58:01] /attr basespeed 99999999999999999999
[14/02/2014 18:58:12] /attr basespeed 999999999999999
[14/02/2014 18:58:38] /goto daniel
[14/02/2014 18:58:47] /attr basespeed 1
[14/02/2014 18:59:00] /attr basespeed 999999999
[14/02/2014 18:59:05] /attr basespeed 999999999
[14/02/2014 18:59:08] /attr basespeed 999999999
[14/02/2014 18:59:09] /attr basespeed 999999999
[14/02/2014 18:59:10] /attr basespeed 999999999
[14/02/2014 18:59:11] /attr basespeed 999999999
[14/02/2014 18:59:40] /attr basespeed 1
[14/02/2014 18:59:44] /s rat
[14/02/2014 18:59:47] /r
[14/02/2014 18:59:48] /r
[14/02/2014 19:00:01] /attr basespeed 1
[14/02/2014 19:00:03] /attr basespeed 1
[14/02/2014 19:00:08] /s rat
[14/02/2014 19:00:26] /attr basespeed 3
[14/02/2014 19:00:29] /attr basespeed 3
[14/02/2014 19:00:32] /attr basespeed 3
[14/02/2014 19:00:36] /attr basespeed 7
[14/02/2014 19:00:42] /attr basespeed 6
[14/02/2014 19:00:51] /attr basespeed 999999999
[14/02/2014 19:00:53] /attr basespeed 999999999
[14/02/2014 19:00:57] /attr basespeed 999999999
[14/02/2014 19:00:59] /attr basespeed 999999999
[14/02/2014 19:01:09] /attr basespeed 999999
[14/02/2014 19:01:14] /attr basespeed 999999
[14/02/2014 19:01:18] /attr basespeed 999999
[14/02/2014 19:01:28] /r
[14/02/2014 19:01:52] /attr basespeed 99999
[14/02/2014 19:02:03] /attr basespeed 99999
[14/02/2014 19:02:17] /t
[14/02/2014 19:02:21] /m dog
[14/02/2014 19:02:24] /attr basespeed 99999
[14/02/2014 19:03:11] /attr basespeed 99999
[14/02/2014 19:03:31] /goto tester
[14/02/2014 19:03:32] /goto tester
[14/02/2014 19:04:05] /m demon
[14/02/2014 19:04:09] /attr basespeed 99999
[14/02/2014 19:04:15] /attr basespeed 99999
[14/02/2014 19:04:19] /attr basespeed 99999
[14/02/2014 19:04:43] /r
[14/02/2014 19:04:44] /r
[14/02/2014 19:05:10] /attr basespeed 9999
[14/02/2014 19:05:17] /m demon
[14/02/2014 19:05:23] /attr basespeed 9999
[14/02/2014 19:05:35] /attr basespeed 99999
[14/02/2014 19:05:38] /attr basespeed 9999
[14/02/2014 19:06:37] /attr pluralname
[14/02/2014 19:06:44] /attr pluralname lala
[14/02/2014 19:06:47] /attr pluralname 
[14/02/2014 19:06:50] /attr pluralname 1
[14/02/2014 19:06:55] /attr set pluralname 
[14/02/2014 19:06:58] /attr set pluralname  1213
[14/02/2014 19:06:59] /attr set pluralname  1213
[14/02/2014 19:07:01] /attr set pluralname  1213
[14/02/2014 19:47:15] /reload actions
[14/02/2014 19:47:22] /attr uniqueid 2014
[14/02/2014 19:47:25] /attr uniqueid 2014
[14/02/2014 19:47:27] /attr uniqueid 2014
[14/02/2014 19:47:30] /attr uniqueid 2014
[14/02/2014 19:47:44] /i 4142
[14/02/2014 19:47:47] /attr uniqueid 2014
[14/02/2014 19:48:23] /reload actions
[14/02/2014 19:51:17] /m rat
[14/02/2014 19:51:20] /m rat
[14/02/2014 19:51:32] /r
[14/02/2014 19:51:47] /attr skull 2
[14/02/2014 19:51:50] /attr skull 1
[14/02/2014 19:52:01] /newtype Cryspy,302
[14/02/2014 19:52:06] /newtype 302,Cryspy
[14/02/2014 19:52:23] /newtype 368,Cryspy
[14/02/2014 19:52:31] /newtype 300,Cryspy
[14/02/2014 19:54:56] /attr health 100
[14/02/2014 19:55:17] /attr health 1
[14/02/2014 19:55:31] /attr health 1
[14/02/2014 19:55:40] /attr health 1
[14/02/2014 19:56:43] /attr health 100
[14/02/2014 19:58:59] /attr basespeed 1
[14/02/2014 19:59:02] /attr basespeed 100
[14/02/2014 19:59:03] /attr basespeed 1000
[14/02/2014 19:59:09] /attr basespeed 1
[14/02/2014 19:59:11] /attr basespeed 1
[14/02/2014 20:00:24] /newtype 302,Toriar Eilico
[14/02/2014 20:00:32] /attr basespeed 1
[14/02/2014 20:00:40] /attr basespeed 1
[14/02/2014 20:00:43] /attr basespeed 1
[14/02/2014 20:02:46] /r
[14/02/2014 20:03:03] /attr basespeed 9999999
[14/02/2014 20:03:33] /attr basespeed 9999999999
[14/02/2014 20:04:05] /attr basespeed 999999999
[14/02/2014 20:04:40] /attr basespeed 9999999999
[14/02/2014 20:05:02] /newtype 236,Toriar Eilico
[14/02/2014 20:05:27] /newtype 237,Toriar Eilico
[14/02/2014 20:05:35] /newtype 238,Toriar Eilico
[14/02/2014 20:05:49] /newtype 239,Toriar Eilico
[14/02/2014 20:06:15] /newtype 239
[14/02/2014 20:06:18] /newtype 239,Daniel
[14/02/2014 20:06:50] /newtype 240
[14/02/2014 20:07:19] /newtype 241
[14/02/2014 20:07:20] /newtype 242
[14/02/2014 20:07:22] /newtype 243
[14/02/2014 20:07:24] /newtype 244
[14/02/2014 20:07:26] /newtype 245
[14/02/2014 20:07:27] /newtype 246
[14/02/2014 20:07:30] /newtype 247
[14/02/2014 20:07:32] /newtype 248
[14/02/2014 20:07:33] /newtype 249
[14/02/2014 20:07:36] /newtype 250
[14/02/2014 20:07:42] /newtype 251
[14/02/2014 20:07:47] /newtype 252
[14/02/2014 20:07:48] /newtype 253
[14/02/2014 20:07:50] /newtype 254
[14/02/2014 20:07:52] /newtype 255
[14/02/2014 20:07:53] /newtype 256
[14/02/2014 20:08:03] /newtype 257
[14/02/2014 20:08:05] /newtype 258
[14/02/2014 20:08:08] /newtype 259
[14/02/2014 20:08:11] /newtype 260
[14/02/2014 20:08:12] /newtype 261
[14/02/2014 20:08:14] /newtype 262
[14/02/2014 20:08:21] /newtype 2633
[14/02/2014 20:08:22] /newtype 2634
[14/02/2014 20:08:25] /newtype 264
[14/02/2014 20:08:26] /newtype 265
[14/02/2014 20:08:28] /newtype 266
[14/02/2014 20:08:30] /newtype 267
[15/02/2014 22:12:34] /r
[15/02/2014 22:12:38] /r
[15/02/2014 22:12:39] /r
[15/02/2014 22:12:41] /r
[15/02/2014 22:14:32] /reload globalevents
[15/02/2014 22:15:22] /reload movements
[15/02/2014 22:55:37] /attr UniqueID 2014
[15/02/2014 22:55:48] /up
[15/02/2014 22:55:49] /up
[15/02/2014 22:56:25] /c effect
[15/02/2014 22:56:28] /t effect
[15/02/2014 22:56:52] /c effect
[15/02/2014 22:57:12] /t effect
[15/02/2014 22:58:02] /addskill efect,level,200
[15/02/2014 22:58:18] /addskill Effect,level,200
[17/02/2014 00:17:12] /goto daniel
[17/02/2014 00:17:13] /t
[17/02/2014 00:18:43] /ghost
[17/02/2014 00:32:13] /goto beka
[17/02/2014 00:32:29] /attr attack 9999999
[17/02/2014 00:32:36] /attr set attack 9999999
[17/02/2014 00:32:43] /attr damage attack 9999999
[17/02/2014 00:32:53] /attr damage 9999999
[17/02/2014 00:32:57] /attr set damage 9999999
[17/02/2014 00:33:05] /m Training Monk
[17/02/2014 00:33:10] /t
[17/02/2014 00:33:22] /c Beka
[17/02/2014 00:40:55] /t
[17/02/2014 00:41:07] /c Beka
[17/02/2014 00:41:19] /t
[17/02/2014 00:41:26] /goto gereb
[17/02/2014 00:41:27] /t
[17/02/2014 01:01:32] /goto beka
[17/02/2014 01:02:40] /t
[17/02/2014 11:39:20] /goto daniel
[17/02/2014 15:31:10] /kick Gereb
[17/02/2014 15:31:16] /kick Martinii
[17/02/2014 15:31:22] /kick Rysiek Ora Rp
[17/02/2014 15:31:27] /kick Knighteek
[17/02/2014 15:31:46] /t
[17/02/2014 15:31:58] /goto beka
[17/02/2014 15:33:15] /goto czolg
[17/02/2014 15:33:28] /kick Czolg
[17/02/2014 15:33:40] /goto Fryta
[17/02/2014 15:33:43] /t
[17/02/2014 15:33:51] /goto Boryg
[17/02/2014 15:34:15] /goto  Czolg
[17/02/2014 15:34:20] /goto ostry
[17/02/2014 15:34:27] /goto Boryg
[17/02/2014 15:34:29] /t
[17/02/2014 23:39:31] /goto hary
[17/02/2014 23:39:37] /r
[17/02/2014 23:39:52] /goto Capitan Salami
[17/02/2014 23:39:58] /goto Kaszeba 
[17/02/2014 23:40:03] /goto rusi
[17/02/2014 23:40:05] /t
[18/02/2014 00:07:16] /t
[18/02/2014 13:21:55] /unban daniel
[18/02/2014 13:25:05] /r
[18/02/2014 13:25:30] /i wtf
[18/02/2014 13:26:48] /t
[18/02/2014 13:26:58] /goto daneil
[18/02/2014 13:27:03] /goto daniel
[18/02/2014 19:56:57] /goto daniel
[18/02/2014 19:58:15] /n Varktal.xml
[18/02/2014 19:58:18] /n Varktal
[18/02/2014 19:58:21] /r
[18/02/2014 20:00:03] /reload npc
[18/02/2014 20:00:44] /reload npc
[18/02/2014 20:02:52] /reload config
[18/02/2014 20:03:57] /reload config
[18/02/2014 20:04:46] /i 2160
[18/02/2014 20:04:51] /ghost
[18/02/2014 20:05:47] /bc / Addons are now Fixed !
[18/02/2014 20:06:12] /bc / Addons are now Fixed !  Go to Varkhal
[18/02/2014 20:06:49] /t Daniel
[18/02/2014 20:06:49] /t
[18/02/2014 20:07:10] /bc green Addons are now Fixed !  Go to Varkhal
[18/02/2014 20:07:52] /t
[18/02/2014 20:08:07] /kick Maskonur
[18/02/2014 20:08:13] /kick Miner
[18/02/2014 20:08:22] /kick Frag
[18/02/2014 20:08:27] /kick Mire Das
[18/02/2014 20:08:33] /kick Minia
[18/02/2014 20:08:43] /t
[18/02/2014 20:11:08] /bc . Small Update of OTS back in 1 Minute!
[18/02/2014 20:11:15] /shutdown 1
[18/02/2014 20:11:44] /bc . Small Update of OTS back in 1 Minute!
[18/02/2014 20:12:13] /bc . Small Update of OTS back in 1 Minute!
[18/02/2014 20:12:15] /bc . Small Update of OTS back in 1 Minute!
[18/02/2014 20:14:31] /t
[19/02/2014 00:59:42] /kick Srutututu
[19/02/2014 01:01:36] /reload mods
[19/02/2014 01:01:40] /t
[19/02/2014 01:01:54] /bc small fix back in 1 m
[19/02/2014 01:02:01] /bc . small fix back in 1 m
[19/02/2014 01:02:08] /shutdown 1
[19/02/2014 01:12:44] /t
[19/02/2014 01:16:40] /i crystal arrow
[19/02/2014 01:16:56] /goto packa
[19/02/2014 01:17:13] /t
[19/02/2014 01:17:27] /attr unqiueid 2001
[19/02/2014 01:18:05] /r
[19/02/2014 01:22:40] /reload mods
[19/02/2014 01:23:30] /i crystal arrow
[19/02/2014 01:26:31] /reload weapons
[19/02/2014 01:27:35] /i 5907
[19/02/2014 01:31:17] /reload mods
[19/02/2014 01:32:57] /reload mods
[19/02/2014 01:33:41] /reload mods
[19/02/2014 01:34:19] /reload mods
[19/02/2014 01:35:11] /reload mods
[19/02/2014 01:36:03] /reload mods
[19/02/2014 01:39:36] /reload mods
[19/02/2014 01:41:13] /reload mods
[19/02/2014 01:42:52] /reload mods
[19/02/2014 01:43:57] /reload spells
[19/02/2014 01:45:06] /reload spells
[19/02/2014 01:45:59] /reload spells
[19/02/2014 01:46:26] /reload spells
[19/02/2014 01:46:42] /reload spells
[19/02/2014 01:47:03] /reload spells
[19/02/2014 21:17:50] /t
[19/02/2014 21:18:22] /t
[19/02/2014 21:16:36] /goto Ziomek
[19/02/2014 21:16:38] /goto Ziomek
[19/02/2014 21:16:39] /goto Ziomek
[19/02/2014 21:16:40] /goto Ziomek
[19/02/2014 21:16:47] /goto Ziomek
[19/02/2014 21:16:49] /goto Ziomek
[19/02/2014 21:16:50] /goto Ziomek
[19/02/2014 21:16:53] /goto Ziomek
[19/02/2014 21:17:13] /c daniel 
[19/02/2014 21:18:10] /i 5785
[19/02/2014 21:18:38] /i 2275
[19/02/2014 21:19:45] /i 2160
[19/02/2014 21:19:59] /i bag
[19/02/2014 21:20:02] /i 2160
[19/02/2014 21:20:02] /i 2160
[19/02/2014 21:20:03] /i 2160
[19/02/2014 21:20:13] /i 2160
[19/02/2014 21:20:13] /i 2160
[19/02/2014 21:20:50] /i 2160
[19/02/2014 21:20:52] /i 2160
[19/02/2014 21:23:13] /addskill mlody.1039 level,1
[19/02/2014 21:23:26] /addskill mlody.1039,level
[19/02/2014 21:24:08] /m rotworm
[19/02/2014 21:25:06] /goto ziomek
[19/02/2014 21:25:57] /c daniel
[19/02/2014 21:27:16] /goto ziomek
[19/02/2014 21:27:19] /goto ziomek
[19/02/2014 21:27:36] /goto ziomek
[19/02/2014 21:27:40] /goto ziomek
[19/02/2014 21:27:43] /goto ziomek
[19/02/2014 21:27:45] /goto ziomek
[19/02/2014 21:27:48] /goto ziomek
[19/02/2014 21:27:49] /goto ziomek
[19/02/2014 21:27:51] /goto ziomek
[19/02/2014 21:27:52] /goto ziomek
[19/02/2014 21:27:54] /goto ziomek
[19/02/2014 21:27:57] /goto ziomek
[19/02/2014 21:27:58] /goto ziomek
[19/02/2014 21:27:59] /goto ziomek
[19/02/2014 21:28:01] /goto ziomek
[19/02/2014 21:28:02] /goto ziomek
[19/02/2014 21:28:03] /goto ziomek
[19/02/2014 21:28:04] /goto ziomek
[19/02/2014 21:28:05] /goto ziomek
[19/02/2014 21:28:06] /goto ziomek
[19/02/2014 21:28:08] /goto ziomek
[19/02/2014 21:28:09] /goto ziomek
[19/02/2014 21:28:11] /goto ziomek
[19/02/2014 21:28:12] /goto ziomek
[19/02/2014 21:28:13] /goto ziomek
[19/02/2014 21:28:29] /goto ziomek
[19/02/2014 21:28:33] /goto ziomek
[19/02/2014 21:28:35] /goto ziomek
[19/02/2014 21:28:36] /goto ziomek
[19/02/2014 21:28:38] /goto ziomek
[19/02/2014 21:28:40] /goto ziomek
[19/02/2014 21:28:41] /goto ziomek
[19/02/2014 21:29:23] /c Ziomek
[19/02/2014 21:31:14] /c iomek
[19/02/2014 21:31:18] /c ziomek
[19/02/2014 21:32:59] /i 10529
[19/02/2014 21:33:30] /i 10542
[19/02/2014 21:33:31] /i 10542
[19/02/2014 21:39:23] /goto daniel
[19/02/2014 21:39:59] /t
[19/02/2014 21:40:04] /c daniel
[19/02/2014 21:42:50] /goto daniel
[19/02/2014 21:44:44] /r
[19/02/2014 21:45:56] /t
[19/02/2014 21:45:59] /goto daniel
[19/02/2014 21:46:06] /t
[19/02/2014 21:46:09] /goto daniel
[19/02/2014 21:46:17] /goto ziomek
[19/02/2014 21:50:20] /t
[19/02/2014 21:50:24] /goto daniel
[19/02/2014 21:54:49] /goto Ziomek
[19/02/2014 21:55:07] /c daniel
[19/02/2014 22:00:18] /t
[19/02/2014 23:06:36] /bc . small update back in 1m
[19/02/2014 23:07:20] /bc . small update back in 1m
[19/02/2014 23:07:22] /save
[19/02/2014 23:08:15] /t
[22/02/2014 09:27:29] /ghost
[22/02/2014 09:27:44] /goto ziomek
[22/02/2014 09:27:57] /goto Ice Mspl
[22/02/2014 09:28:01] /goto Ice Ms
[22/02/2014 09:28:15] /t
[22/02/2014 09:28:15] /goto Amfetamina
[22/02/2014 09:28:19] /t
[22/02/2014 15:22:45] /goto daniel
[22/02/2014 15:23:22] /t
[22/02/2014 15:23:39] /bc . small update back in 1 minute!
[22/02/2014 15:23:43] /shutdown 1
[22/02/2014 15:24:41] /bc . small update back in 1 minute!
[22/02/2014 15:26:44] /owner mlody.1039
[22/02/2014 15:29:04] /t
[22/02/2014 15:32:18] /t
[22/02/2014 15:32:43] /t
[22/02/2014 15:33:54] /t
[22/02/2014 15:34:00] /t
[22/02/2014 15:34:13] /t
[22/02/2014 15:34:14] /t
[22/02/2014 15:36:48] /goto daniel
[22/02/2014 15:40:15] /goto daniel
[22/02/2014 15:57:16] /t
[23/02/2014 21:47:17] /goto daniel
[23/02/2014 21:47:20] /goto daniel
[23/02/2014 21:52:01] /a 50,Daniel
[23/02/2014 21:52:20] /a 50,Daniel
[23/02/2014 21:52:25] /a 50,Daniel
[23/02/2014 21:52:29] /a 50,Daniel
[23/02/2014 21:52:30] /a 50,Daniel
[23/02/2014 21:52:31] /a 50,Daniel
[23/02/2014 21:52:32] /a 50,Daniel
[23/02/2014 21:52:32] /a 50,Daniel
[23/02/2014 21:52:33] /a 50,Daniel
[23/02/2014 21:52:51] /kick daniel
[23/02/2014 21:54:44] /reload mods
[23/02/2014 21:54:49] /c daniel
[23/02/2014 21:55:13] /c tester
[23/02/2014 21:55:13] /c tester
[23/02/2014 21:55:14] /c tester
[23/02/2014 21:55:16] /c tester
[23/02/2014 21:55:16] /c tester
[23/02/2014 21:55:17] /c tester
[23/02/2014 21:56:59] /reload config
[23/02/2014 21:57:55] /bc . Trainers are now working normal
[23/02/2014 22:01:12] /reload mods
[23/02/2014 22:02:03] /m Training Monk
[23/02/2014 22:02:11] /m Training Monk
[23/02/2014 22:02:17] /a 1
[23/02/2014 22:02:20] /a 1
[23/02/2014 22:02:30] /a 1
[23/02/2014 22:02:36] /m Training Monk
[23/02/2014 22:02:39] /t
[23/02/2014 22:02:44] /m Training Monk
[23/02/2014 22:02:48] /r
[23/02/2014 22:03:25] /m Training Monk
[23/02/2014 22:03:44] /c Training Monk
[23/02/2014 22:05:27] /reload mods
[23/02/2014 22:05:30] /m Training Monk
[23/02/2014 22:05:34] /r
[23/02/2014 22:06:15] /reload mods
[23/02/2014 22:06:17] /m Training Monk
[23/02/2014 22:06:20] /r
[23/02/2014 22:06:31] /c daniel
[23/02/2014 22:07:19] /r
[23/02/2014 22:07:32] /r
[23/02/2014 22:20:00] /goto daniel
[23/02/2014 22:23:58] /c daniel
[23/02/2014 22:25:56] /goto daniel
[23/02/2014 22:26:04] /goto daniel
[23/02/2014 22:49:33] /goto daniel
[23/02/2014 22:52:17] /bc . small  update back in 1 minute!
[23/02/2014 22:52:25] /shutdown 1
[23/02/2014 22:52:31] /bc . small  update back in 1 minute!
[23/02/2014 22:52:50] /bc . small  update back in 1 minute!
[23/02/2014 22:53:20] /bc . small  update back in 1 minute!
[23/02/2014 22:54:37] /r
[23/02/2014 22:54:54] /t
[23/02/2014 22:55:24] /a 2
[23/02/2014 22:56:56] /goto daniel
[23/02/2014 22:57:36] /t
[23/02/2014 22:57:48] /a 2
[23/02/2014 22:57:50] /a 3
[23/02/2014 22:59:59] /goto ziomek
[23/02/2014 23:03:26] /goto daniel
[23/02/2014 23:03:56] /ghost
[23/02/2014 23:04:26] /t
[23/02/2014 23:05:24] /a 3
[23/02/2014 23:31:29] /bc small update and fix :) back in 10 sec :)
[23/02/2014 23:31:33] /bc small update and fix :) back in 10 sec :)
[23/02/2014 23:31:46] /bc . small update and fix :) back in 10 sec :)
[23/02/2014 23:31:54] /shutdown 1
[23/02/2014 23:32:03] /bc . small update and fix :) back in 10 sec :)
[23/02/2014 23:32:17] /i wand
[23/02/2014 23:32:30] /bc . small update and fix :) back in 10 sec :)
[23/02/2014 23:32:46] /bc . small update and fix :) back in 10 sec :)
[23/02/2014 23:34:52] /i Wand of Voodoo
[23/02/2014 23:35:36] /i Hailstorm Rod
[23/02/2014 23:37:33] /attr action 0
[23/02/2014 23:41:01] /a 2
[23/02/2014 23:41:06] /goto ziomek
[23/02/2014 23:41:14] /a 2
[23/02/2014 23:42:04] /t
[23/02/2014 23:45:45] /reload monsters
[23/02/2014 23:46:42] /down
[23/02/2014 23:46:45] /up
[23/02/2014 23:47:01] /up
[23/02/2014 23:47:04] /c Ziomek
[23/02/2014 23:47:05] /up
[23/02/2014 23:47:06] /c Ziomek
[23/02/2014 23:47:16] /m femburas
[23/02/2014 23:47:31] /m ferumbras
[23/02/2014 23:48:40] /down
[23/02/2014 23:48:41] /down
[23/02/2014 23:48:57] /a 2
[23/02/2014 23:49:10] /goto ziomek
[23/02/2014 23:54:40] /attr group 6
[23/02/2014 23:54:43] /attr group 6
[23/02/2014 23:54:49] /goto daniel
[23/02/2014 23:54:52] /goto daniel
[23/02/2014 23:54:53] /goto daniel
[23/02/2014 23:54:54] /goto daniel
[23/02/2014 23:55:10] /goto daniel
[23/02/2014 23:55:12] /goto daniel
[23/02/2014 23:55:13] /goto daniel
[23/02/2014 23:55:14] /goto daniel
[23/02/2014 23:55:15] /goto daniel
[23/02/2014 23:55:20] /jail daniel
[23/02/2014 23:55:24] /goto daniel
[23/02/2014 23:55:26] /goto daniel
[23/02/2014 23:55:27] /goto daniel
[23/02/2014 23:55:34] /i hammer
[23/02/2014 23:55:43] /i ban hammer
[23/02/2014 23:55:46] /i hammer
[23/02/2014 23:55:47] /t
[24/02/2014 00:22:20] /t
[24/02/2014 00:39:31] /mode 3
[24/02/2014 00:41:04] /reload config
[24/02/2014 00:54:09] /reload config
[24/02/2014 00:56:03] /reload config
[24/02/2014 00:56:20] /c tester
[24/02/2014 00:56:23] /c tester
[24/02/2014 01:01:19] /addskill Keysi Ek,level,300
[24/02/2014 01:03:37] /mode 2
[24/02/2014 01:04:08] /bc . wbiac http://war.modernots.eu/
[24/02/2014 16:16:25] /t
[24/02/2014 19:42:18] /attr heath 1
[24/02/2014 19:42:27] /attr set health 1
[24/02/2014 19:50:09] /attr set health 1
[24/02/2014 19:50:17] /attr health 1
[24/02/2014 19:50:33] /attr health 100
[24/02/2014 20:18:19] /t
[24/02/2014 20:19:04] /t
[24/02/2014 21:46:57] /t
[24/02/2014 21:50:38] /bc / Small Update back in 1 Minute
[24/02/2014 21:50:47] /shutdown 1
[24/02/2014 21:50:52] /bc / Small Update back in 1 Minute
[24/02/2014 21:50:53] /bc / Small Update back in 1 Minute
[24/02/2014 21:51:28] /bc / Small Update back in 1 Minute
[24/02/2014 21:54:31] /t
[24/02/2014 21:56:59] /goto daniel
[24/02/2014 21:57:49] /s demon
[24/02/2014 21:58:29] /c tester
[24/02/2014 21:59:20] /goto tester
[24/02/2014 22:11:46] /attr sex 1
[24/02/2014 22:11:53] /attr sex 0
[24/02/2014 22:13:30] /goto ziomek
[24/02/2014 22:14:31] /t
[24/02/2014 22:14:51] /t
[24/02/2014 22:15:15] /s storm wolf
[24/02/2014 22:18:15] /t
[24/02/2014 22:20:12] /t
[24/02/2014 22:20:57] /i 7359
[24/02/2014 22:21:08] /i 7359
[24/02/2014 22:21:10] /i 7359
[24/02/2014 22:21:15] /i 7359
[24/02/2014 22:21:16] /i 7359
[24/02/2014 22:21:16] /i 7359
[24/02/2014 22:21:17] /i 7359
[24/02/2014 22:21:18] /i 7359
[24/02/2014 22:21:19] /i 7359
[24/02/2014 22:21:20] /i 7359
[24/02/2014 22:21:52] /i 7359
[24/02/2014 22:21:53] /i 7359
[24/02/2014 22:22:14] /i 7359
[24/02/2014 22:24:32] /down
[24/02/2014 22:24:39] /c ziomek
[24/02/2014 22:24:51] /c Cyypheer
[24/02/2014 22:25:55] /c ziomek
[24/02/2014 22:28:26] /reload monsters
[24/02/2014 22:28:48] /m wolf storm
[24/02/2014 22:28:53] /m strom wolf
[24/02/2014 22:28:56] /m strom wolf
[24/02/2014 22:28:57] /m strom wolf
[24/02/2014 22:29:53] /reload monsters
[24/02/2014 22:30:56] /goto Cyypheer
[24/02/2014 22:32:26] /bc . small Update! Back in 1 Minutes!
[24/02/2014 22:32:31] /shutdown 2
[24/02/2014 22:32:50] /bc . small Update! Back in 1 Minutes!
[24/02/2014 22:33:02] /bc . small Update! Back in 1 Minutes!
[24/02/2014 22:33:14] /newtype 302,Ziomek
[24/02/2014 22:33:18] /bc . small Update! Back in 1 Minutes!
[24/02/2014 22:33:42] /newtype 432,Ziomek
[24/02/2014 22:33:49] /newtype 232,Ziomek
[24/02/2014 22:34:02] /newtype 232,Ziomek
[24/02/2014 22:34:07] /newtype 2,Ziomek
[24/02/2014 22:34:16] /newtype 300,Ziomek
[24/02/2014 22:34:25] /bc . small Update! Back in 1 Minutes!
[24/02/2014 22:36:00] /goto daniel
[24/02/2014 22:36:07] /goto Daniel
[24/02/2014 22:36:13] /goto Tytanowy Janusz
[24/02/2014 22:36:19] /t Tytanowy Janusz
[24/02/2014 22:36:20] /t
[24/02/2014 22:38:20] /newtype 128,Ziomek
[24/02/2014 22:43:45] /reload globalevents
[24/02/2014 22:44:09] /t
[24/02/2014 22:44:35] /reload globalevents
[24/02/2014 22:44:49] /t
[24/02/2014 22:46:02] /reload globalevents
[24/02/2014 22:46:32] /reload globalevents
[24/02/2014 22:47:09] /reload globalevents
[24/02/2014 22:47:49] /reload globalevents
[24/02/2014 22:49:11] /reload globalevents
[24/02/2014 22:50:50] /reload globalevents
[24/02/2014 22:51:26] /reload globalevents
[24/02/2014 22:52:03] /reload globalevents
[24/02/2014 22:56:04] /goto daniel
[24/02/2014 22:56:17] /i 9043
[24/02/2014 22:57:03] /i beer
[24/02/2014 22:57:06] /i bear
[24/02/2014 22:57:22] /i wine
[24/02/2014 22:57:57] /town 2
[24/02/2014 22:57:59] /town 3
[24/02/2014 22:58:00] /town 4
[24/02/2014 22:58:01] /town 5
[24/02/2014 22:58:09] /newtype 32
[24/02/2014 22:58:13] /newtype 432
[24/02/2014 22:58:18] /newtype 100
[24/02/2014 22:58:56] /newtype 101
[24/02/2014 22:58:58] /newtype 102
[24/02/2014 22:59:00] /newtype 103
[24/02/2014 22:59:01] /newtype 104
[24/02/2014 22:59:02] /newtype 105
[24/02/2014 22:59:04] /newtype 106
[24/02/2014 22:59:06] /newtype 107
[24/02/2014 22:59:07] /newtype 108
[24/02/2014 22:59:08] /newtype 109
[24/02/2014 22:59:10] /newtype 110
[24/02/2014 22:59:12] /newtype 111
[24/02/2014 22:59:14] /newtype 112
[24/02/2014 22:59:15] /newtype 113
[24/02/2014 22:59:16] /newtype 114
[24/02/2014 22:59:18] /newtype 115
[24/02/2014 22:59:19] /newtype 116
[24/02/2014 22:59:20] /newtype 117
[24/02/2014 22:59:23] /newtype 118
[24/02/2014 23:18:37] /attr sould
[24/02/2014 23:18:38] /attr soul
[24/02/2014 23:18:44] /attr soul 1
[24/02/2014 23:18:56] /attr soul 1
[24/02/2014 23:18:56] /attr set soul 1
[24/02/2014 23:18:56] /attr set soul 1
[24/02/2014 23:20:51] /c rover
[24/02/2014 23:21:00] /attr set soul 50
[24/02/2014 23:21:19] /attr  soul 50
[24/02/2014 23:21:25] /attr  soul 50
[24/02/2014 23:21:27] /attr  soul 50
[24/02/2014 23:21:29] /attr  soul 50
[24/02/2014 23:21:30] /attr  soul 50
[24/02/2014 23:21:43] /attr set soul 1
[24/02/2014 23:21:45] /attr set soul 1
[24/02/2014 23:22:47] /a 3
[24/02/2014 23:23:32] /t
[25/02/2014 11:10:44] /i holy rod
[25/02/2014 11:12:09] /i 8866
[25/02/2014 11:13:09] /t
[25/02/2014 20:00:12] /reload config
[25/02/2014 20:01:06] /reload confg
[25/02/2014 20:01:42] /reload config
[25/02/2014 20:01:48] /mode 2
[25/02/2014 20:03:28] /addskill Ziomek,level,100
[25/02/2014 20:03:35] /addskill Ziomek,level,100
[25/02/2014 20:03:36] /addskill Ziomek,level,100
[25/02/2014 20:04:15] /addskill Rover,level,100
[25/02/2014 20:04:17] /addskill Rover,level,100
[25/02/2014 20:04:22] /addskill Rover,level,100
[25/02/2014 20:04:41] /addskill Rover,level,100
[25/02/2014 20:04:41] /addskill Rover,level,100
[25/02/2014 20:05:00] /ghost
[25/02/2014 20:05:31] /ghost
[25/02/2014 20:06:25] /clean 1
[27/02/2014 21:33:55] /attr group 2
[27/02/2014 21:35:26] /t
[27/02/2014 21:38:49] /goto ziomek
[27/02/2014 21:39:49] /addskill Tilazij,level,8
[27/02/2014 21:40:52] /s demon,Daredevil
[27/02/2014 21:42:53] /s death,Daredevil
[27/02/2014 21:42:54] /goto Daredevil
[27/02/2014 21:43:11] /t
[27/02/2014 21:43:16] /goto ten typ
[27/02/2014 21:43:43] /s death,Ten Typ
[27/02/2014 21:43:53] /m demon
[27/02/2014 21:46:08] /s death
[27/02/2014 21:54:50] /b ja spadam nq
[01/03/2014 13:16:40] /t
[01/03/2014 13:32:08] /ghost
[01/03/2014 13:32:09] /t
[01/03/2014 13:32:13] /ghost
[01/03/2014 20:30:23] /a 3
[01/03/2014 22:44:27] /goto Slodka Nikolka
[02/03/2014 13:22:00] /n bank
[02/03/2014 13:25:48] /a 2
[02/03/2014 13:26:21] /t
[02/03/2014 13:27:42] /i 2160
[04/03/2014 22:42:47] /t
[04/03/2014 22:43:59] /up
[04/03/2014 22:44:03] /t
[07/03/2014 18:25:46] /goto daniel
[07/03/2014 18:37:15] /r
[07/03/2014 18:37:24] /a 2
[09/03/2014 11:31:05] /t
[09/03/2014 11:31:08] /ghost
[09/03/2014 11:31:36] /a 1
[09/03/2014 11:31:39] /a 2
[09/03/2014 11:31:47] /t
[09/03/2014 23:27:27] /closeserver
[09/03/2014 21:05:18] /a 3
[09/03/2014 21:05:24] /t
[09/03/2014 21:05:41] /t
[09/03/2014 21:05:44] /t
[09/03/2014 21:05:49] /ghost
[09/03/2014 21:05:51] /t
[19/03/2014 19:28:41] /t
[19/03/2014 19:29:01] /t
[19/03/2014 19:29:11] /t
[20/03/2014 17:51:22] /ghost
[20/03/2014 17:51:31] /goto Que's
[20/03/2014 17:51:39] /goto Autor Widmo 
[20/03/2014 17:54:43] /goto Autor Widmo 
[20/03/2014 17:54:49] /goto Autor Widmo 
[20/03/2014 17:55:09] /goto Autor Widmo 
[20/03/2014 17:55:12] /goto Autor Widmo 
[20/03/2014 17:55:18] /goto Autor Widmo 
[20/03/2014 17:55:27] /goto Autor Widmo 
[20/03/2014 17:55:38] /goto Autor Widmo 
[20/03/2014 17:55:43] /goto Autor Widmo 
[20/03/2014 17:55:47] /t
[20/03/2014 18:05:12] /goto Czesio Hydraulik
[20/03/2014 18:05:23] /t
[20/03/2014 18:05:48] /goto  Que's
[20/03/2014 18:08:44] /goto  Que's
[20/03/2014 18:10:32] /t
[20/03/2014 18:10:35] /t
[20/03/2014 19:11:07] /goto Czesio Hydraulik
[20/03/2014 19:11:20] /goto Que's
[20/03/2014 19:11:28] /goto Tomson
[20/03/2014 19:11:32] /t
[20/03/2014 19:11:38] /ghost
[20/03/2014 19:20:16] /t
[20/03/2014 19:20:49] /t
[20/03/2014 19:23:45] /t
[20/03/2014 19:24:07] /t
[20/03/2014 19:26:12] /reload config
[20/03/2014 19:27:30] /reload config
[20/03/2014 19:28:03] /a 2
[20/03/2014 19:28:44] /reload config
[20/03/2014 19:37:14] /goto tomson
[20/03/2014 19:37:18] /reload spells
[20/03/2014 19:40:28] /goto tomson
[20/03/2014 19:40:33] /reload spells
[20/03/2014 19:40:45] /t Tomson
[20/03/2014 19:40:58] /goto Que's
[20/03/2014 19:41:03] /c tomas
[20/03/2014 19:41:09] /c Tomson
[20/03/2014 19:42:24] /c Tomson
[20/03/2014 19:45:07] /reload config
[20/03/2014 19:47:53] /c Tomson
[20/03/2014 19:49:12] /m rat
[20/03/2014 19:49:49] /m bad bug
[20/03/2014 19:50:55] /m hero hacker
[20/03/2014 19:51:53] /attr skull 0
[20/03/2014 19:52:00] /t
[20/03/2014 19:52:08] /goto Que's
[20/03/2014 19:54:37] /goto Que's
[20/03/2014 19:54:44] /s demon
[20/03/2014 19:56:38] /c Que's
[20/03/2014 19:59:12] /s rat
[20/03/2014 19:59:32] /goto Que's
[20/03/2014 20:01:06] /s rat
[20/03/2014 20:03:26] /t
[20/03/2014 20:08:12] /goto dmon
[20/03/2014 20:08:16] /goto rat
[20/03/2014 20:08:25] /down
[20/03/2014 20:14:44] /t
[26/03/2014 11:40:13] /ghost
[26/03/2014 11:40:20] /goto Hubi
[26/03/2014 11:40:43] /t
[26/03/2014 11:40:48] /ghost
[26/03/2014 19:29:51] /mc
[26/03/2014 19:30:06] /ghost
[26/03/2014 19:30:19] /goto Hubi
[26/03/2014 19:30:44] /goto Hubi
[26/03/2014 19:30:50] /goto Hubi
[26/03/2014 19:30:55] /goto Hubi
[26/03/2014 19:31:00] /goto Hubi
[26/03/2014 19:31:04] /t
[26/03/2014 19:31:12] /ghost
[27/03/2014 16:45:00] /ghost
[27/03/2014 16:45:04] /goto Diablo
[27/03/2014 16:45:19] /goto Hubi
[27/03/2014 16:45:26] /ghost
[27/03/2014 16:45:33] /goto Hubi
[27/03/2014 16:45:42] /goto Hubi
[27/03/2014 16:45:50] /goto Hubi
[27/03/2014 16:45:52] /goto Hubi
[27/03/2014 16:45:55] /goto Hubi
[27/03/2014 16:46:07] /t
[27/03/2014 16:46:21] /t
[28/03/2014 10:54:08] /goto hubi
[28/03/2014 10:54:40] /t
[28/03/2014 10:55:43] /t
[28/03/2014 18:53:22] /t
[28/03/2014 18:59:49] /t
[29/03/2014 19:36:33] /ghost
[29/03/2014 19:36:39] /goto Siemanko
[29/03/2014 19:37:09] /t
[29/03/2014 19:37:17] /ghost
[29/03/2014 19:39:15] /goto Siemanko
[29/03/2014 19:39:57] /attr actionid 1500
[29/03/2014 19:41:12] /bc za 20m nie bedzie bana na otservlist :)
[29/03/2014 19:41:30] /bc do 30/03/2014 od 30/02/2014 byl ban
[29/03/2014 19:41:37] /bc tak
[29/03/2014 19:41:40] /bc widze
[29/03/2014 19:42:11] /goto me
[29/03/2014 19:47:51] /reload config
[29/03/2014 19:49:42] /t
[29/03/2014 19:50:01] /c Siemanko
[29/03/2014 19:50:02] /c me
[29/03/2014 19:50:54] /s stom wolf
[29/03/2014 19:50:58] /s stom wolf
[29/03/2014 19:51:02] /s Storm Wolf
[29/03/2014 19:51:06] /s Storm Wolf
[29/03/2014 19:51:07] /s Storm Wolf
[29/03/2014 19:51:15] /s Storm Wolf
[29/03/2014 19:51:22] /s Storm Wolf
[29/03/2014 19:51:29] /s Storm Wolf
[29/03/2014 19:54:14] /goto me
[29/03/2014 19:57:30] /mc
[29/03/2014 20:07:22] /goto Cytrus Na Ms
[29/03/2014 20:10:16] /reload weapons
[29/03/2014 20:10:17] /t
[29/03/2014 20:15:50] /reload stages
[29/03/2014 20:18:58] /goto hubi
[29/03/2014 20:18:59] /t
[29/03/2014 20:25:48] /reload stages
[29/03/2014 20:26:51] /reload stages
[29/03/2014 20:31:37] /reload stages
[29/03/2014 20:34:44] /reload stages
[29/03/2014 20:43:30] /t
[30/03/2014 07:43:15] /bc Server is Successful unbanned from Otservlist we start work on it again :)
[30/03/2014 07:43:37] /bc help? use Help Channel
[30/03/2014 07:43:45] /bc . help? use Help Channel
[30/03/2014 07:44:01] /ghost
[30/03/2014 07:44:31] /ghost
[30/03/2014 07:44:33] /ghost
[30/03/2014 07:51:48] /ghost
[30/03/2014 07:58:47] /goto daniel
[30/03/2014 08:10:25] /clean
[30/03/2014 08:15:57] /t
[30/03/2014 08:16:13] /r
[30/03/2014 08:16:15] /r
[30/03/2014 08:16:30] /i 2660
[30/03/2014 08:16:31] /i 2660
[30/03/2014 08:16:39] /i 2660
[30/03/2014 08:16:39] /i 2660
[30/03/2014 08:16:40] /i 2660
[30/03/2014 08:16:40] /i 2660
[30/03/2014 08:16:40] /i 2660
[30/03/2014 08:16:40] /i 2660
[30/03/2014 08:16:40] /i 2660
[30/03/2014 08:16:40] /i 2660
[30/03/2014 08:16:40] /i 2660
[30/03/2014 08:16:40] /i 2660
[30/03/2014 08:16:40] /i 2660
[30/03/2014 08:16:40] /i 2660
[30/03/2014 08:16:40] /i 2660
[30/03/2014 08:16:40] /i 2660
[30/03/2014 08:16:40] /i 2660
[30/03/2014 08:16:40] /i 2660
[30/03/2014 08:16:40] /i 2660
[30/03/2014 08:16:40] /i 2660
[30/03/2014 08:16:40] /i 2660
[30/03/2014 08:16:40] /i 2660
[30/03/2014 08:16:40] /i 2660
[30/03/2014 08:16:40] /i 2660
[30/03/2014 08:16:40] /i 2660
[30/03/2014 08:16:40] /i 2660
[30/03/2014 08:16:40] /i 2660
[30/03/2014 08:16:40] /i 2660
[30/03/2014 08:16:40] /i 2660
[30/03/2014 08:16:40] /i 2660
[30/03/2014 08:16:40] /i 2660
[30/03/2014 08:16:40] /i 2660
[30/03/2014 08:16:40] /i 2660
[30/03/2014 08:16:40] /i 2660
[30/03/2014 08:16:40] /i 2660
[30/03/2014 08:16:40] /i 2660
[30/03/2014 08:16:40] /i 2660
[30/03/2014 08:16:40] /i 2660
[30/03/2014 08:16:40] /i 2660
[30/03/2014 08:16:40] /i 2660
[30/03/2014 08:16:40] /i 2660
[30/03/2014 08:16:40] /i 2660
[30/03/2014 08:16:41] /i 2660
[30/03/2014 08:16:41] /i 2660
[30/03/2014 08:16:41] /i 2660
[30/03/2014 08:16:41] /i 2660
[30/03/2014 08:16:41] /i 2660
[30/03/2014 08:16:41] /i 2660
[30/03/2014 08:16:41] /i 2660
[30/03/2014 08:16:41] /i 2660
[30/03/2014 08:16:41] /i 2660
[30/03/2014 08:16:41] /i 2660
[30/03/2014 08:16:41] /i 2660
[30/03/2014 08:16:41] /i 2660
[30/03/2014 08:16:41] /i 2660
[30/03/2014 08:16:41] /i 2660
[30/03/2014 08:16:41] /i 2660
[30/03/2014 08:16:41] /i 2660
[30/03/2014 08:16:41] /i 2660
[30/03/2014 08:16:41] /i 2660
[30/03/2014 08:16:41] /i 2660
[30/03/2014 08:16:41] /i 2660
[30/03/2014 08:16:41] /i 2660
[30/03/2014 08:16:41] /i 2660
[30/03/2014 08:16:42] /i 2660
[30/03/2014 08:16:42] /i 2660
[30/03/2014 08:16:42] /i 2660
[30/03/2014 08:16:42] /i 2660
[30/03/2014 08:16:42] /i 2660
[30/03/2014 08:16:42] /i 2660
[30/03/2014 08:16:42] /i 2660
[30/03/2014 08:16:42] /i 2660
[30/03/2014 08:16:42] /i 2660
[30/03/2014 08:16:42] /i 2660
[30/03/2014 08:16:42] /i 2660
[30/03/2014 08:16:42] /i 2660
[30/03/2014 08:16:42] /i 2660
[30/03/2014 08:16:42] /i 2660
[30/03/2014 08:16:42] /i 2660
[30/03/2014 08:16:42] /i 2660
[30/03/2014 08:16:42] /i 2660
[30/03/2014 08:16:42] /i 2660
[30/03/2014 08:16:42] /i 2660
[30/03/2014 08:16:42] /i 2660
[30/03/2014 08:16:42] /i 2660
[30/03/2014 08:16:42] /i 2660
[30/03/2014 08:16:42] /i 2660
[30/03/2014 08:16:42] /i 2660
[30/03/2014 08:16:42] /i 2660
[30/03/2014 08:16:42] /i 2660
[30/03/2014 08:16:42] /i 2660
[30/03/2014 08:16:42] /i 2660
[30/03/2014 08:16:42] /i 2660
[30/03/2014 08:16:42] /i 2660
[30/03/2014 08:16:42] /i 2660
[30/03/2014 08:16:42] /i 2660
[30/03/2014 08:28:24] /a 2
[30/03/2014 08:37:39] /shutdown 2
