This file contains any messages produced by compilers while
running configure, to aid debugging if configure makes a mistake.

It was created by TheForgottenServer configure 0.3.5, which was
generated by GNU Autoconf 2.69.  Invocation command line was

  $ ./configure --enable-mysql --enable-server-diag

## --------- ##
## Platform. ##
## --------- ##

hostname = Mars007
uname -m = x86_64
uname -r = 2.6.32-042stab084.14
uname -s = Linux
uname -v = #1 SMP Mon Dec 16 18:16:56 MSK 2013

/usr/bin/uname -p = unknown
/bin/uname -X     = unknown

/bin/arch              = unknown
/usr/bin/arch -k       = unknown
/usr/convex/getsysinfo = unknown
/usr/bin/hostinfo      = unknown
/bin/machine           = unknown
/usr/bin/oslevel       = unknown
/bin/universe          = unknown

PATH: /usr/local/sbin
PATH: /usr/local/bin
PATH: /usr/sbin
PATH: /usr/bin
PATH: /sbin
PATH: /bin


## ----------- ##
## Core tests. ##
## ----------- ##

configure:2435: checking for a BSD-compatible install
configure:2503: result: /usr/bin/install -c
configure:2514: checking whether build environment is sane
configure:2564: result: yes
configure:2705: checking for a thread-safe mkdir -p
configure:2744: result: /bin/mkdir -p
configure:2757: checking for gawk
configure:2773: found /usr/bin/gawk
configure:2784: result: gawk
configure:2795: checking whether make sets $(MAKE)
configure:2817: result: yes
configure:2959: checking for g++
configure:2975: found /usr/bin/g++
configure:2986: result: g++
configure:3013: checking for C++ compiler version
configure:3022: g++ --version >&5
g++ (Debian 4.7.2-5) 4.7.2
Copyright (C) 2012 Free Software Foundation, Inc.
This is free software; see the source for copying conditions.  There is NO
warranty; not even for MERCHANTABILITY or FITNESS FOR A PARTICULAR PURPOSE.

configure:3033: $? = 0
configure:3022: g++ -v >&5
Using built-in specs.
COLLECT_GCC=g++
COLLECT_LTO_WRAPPER=/usr/lib/gcc/x86_64-linux-gnu/4.7/lto-wrapper
Target: x86_64-linux-gnu
Configured with: ../src/configure -v --with-pkgversion='Debian 4.7.2-5' --with-bugurl=file:///usr/share/doc/gcc-4.7/README.Bugs --enable-languages=c,c++,go,fortran,objc,obj-c++ --prefix=/usr --program-suffix=-4.7 --enable-shared --enable-linker-build-id --with-system-zlib --libexecdir=/usr/lib --without-included-gettext --enable-threads=posix --with-gxx-include-dir=/usr/include/c++/4.7 --libdir=/usr/lib --enable-nls --with-sysroot=/ --enable-clocale=gnu --enable-libstdcxx-debug --enable-libstdcxx-time=yes --enable-gnu-unique-object --enable-plugin --enable-objc-gc --with-arch-32=i586 --with-tune=generic --enable-checking=release --build=x86_64-linux-gnu --host=x86_64-linux-gnu --target=x86_64-linux-gnu
Thread model: posix
gcc version 4.7.2 (Debian 4.7.2-5) 
configure:3033: $? = 0
configure:3022: g++ -V >&5
g++: error: unrecognized command line option '-V'
g++: fatal error: no input files
compilation terminated.
configure:3033: $? = 4
configure:3022: g++ -qversion >&5
g++: error: unrecognized command line option '-qversion'
g++: fatal error: no input files
compilation terminated.
configure:3033: $? = 4
configure:3053: checking whether the C++ compiler works
configure:3075: g++    conftest.cpp  >&5
configure:3079: $? = 0
configure:3127: result: yes
configure:3130: checking for C++ compiler default output file name
configure:3132: result: a.out
configure:3138: checking for suffix of executables
configure:3145: g++ -o conftest    conftest.cpp  >&5
configure:3149: $? = 0
configure:3171: result: 
configure:3193: checking whether we are cross compiling
configure:3201: g++ -o conftest    conftest.cpp  >&5
configure:3205: $? = 0
configure:3212: ./conftest
configure:3216: $? = 0
configure:3231: result: no
configure:3236: checking for suffix of object files
configure:3258: g++ -c   conftest.cpp >&5
configure:3262: $? = 0
configure:3283: result: o
configure:3287: checking whether we are using the GNU C++ compiler
configure:3306: g++ -c   conftest.cpp >&5
configure:3306: $? = 0
configure:3315: result: yes
configure:3324: checking whether g++ accepts -g
configure:3344: g++ -c -g  conftest.cpp >&5
configure:3344: $? = 0
configure:3385: result: yes
configure:3419: checking for style of include used by make
configure:3447: result: GNU
configure:3473: checking dependency style of g++
configure:3584: result: gcc3
configure:3838: checking how to run the C++ preprocessor
configure:3865: g++ -E  conftest.cpp
configure:3865: $? = 0
configure:3879: g++ -E  conftest.cpp
conftest.cpp:11:28: fatal error: ac_nonexistent.h: No such file or directory
compilation terminated.
configure:3879: $? = 1
configure: failed program was:
| /* confdefs.h */
| #define PACKAGE_NAME "TheForgottenServer"
| #define PACKAGE_TARNAME "theforgottenserver"
| #define PACKAGE_VERSION "0.3.5"
| #define PACKAGE_STRING "TheForgottenServer 0.3.5"
| #define PACKAGE_BUGREPORT ""
| #define PACKAGE_URL ""
| #define PACKAGE "theforgottenserver"
| #define VERSION "0.3.5"
| /* end confdefs.h.  */
| #include <ac_nonexistent.h>
configure:3904: result: g++ -E
configure:3924: g++ -E  conftest.cpp
configure:3924: $? = 0
configure:3938: g++ -E  conftest.cpp
conftest.cpp:11:28: fatal error: ac_nonexistent.h: No such file or directory
compilation terminated.
configure:3938: $? = 1
configure: failed program was:
| /* confdefs.h */
| #define PACKAGE_NAME "TheForgottenServer"
| #define PACKAGE_TARNAME "theforgottenserver"
| #define PACKAGE_VERSION "0.3.5"
| #define PACKAGE_STRING "TheForgottenServer 0.3.5"
| #define PACKAGE_BUGREPORT ""
| #define PACKAGE_URL ""
| #define PACKAGE "theforgottenserver"
| #define VERSION "0.3.5"
| /* end confdefs.h.  */
| #include <ac_nonexistent.h>
configure:3967: checking for grep that handles long lines and -e
configure:4025: result: /bin/grep
configure:4030: checking for egrep
configure:4092: result: /bin/grep -E
configure:4097: checking for ANSI C header files
configure:4117: g++ -c -g -O2  conftest.cpp >&5
configure:4117: $? = 0
configure:4190: g++ -o conftest -g -O2   conftest.cpp  >&5
configure:4190: $? = 0
configure:4190: ./conftest
configure:4190: $? = 0
configure:4201: result: yes
configure:4214: checking for sys/types.h
configure:4214: g++ -c -g -O2  conftest.cpp >&5
configure:4214: $? = 0
configure:4214: result: yes
configure:4214: checking for sys/stat.h
configure:4214: g++ -c -g -O2  conftest.cpp >&5
configure:4214: $? = 0
configure:4214: result: yes
configure:4214: checking for stdlib.h
configure:4214: g++ -c -g -O2  conftest.cpp >&5
configure:4214: $? = 0
configure:4214: result: yes
configure:4214: checking for string.h
configure:4214: g++ -c -g -O2  conftest.cpp >&5
configure:4214: $? = 0
configure:4214: result: yes
configure:4214: checking for memory.h
configure:4214: g++ -c -g -O2  conftest.cpp >&5
configure:4214: $? = 0
configure:4214: result: yes
configure:4214: checking for strings.h
configure:4214: g++ -c -g -O2  conftest.cpp >&5
configure:4214: $? = 0
configure:4214: result: yes
configure:4214: checking for inttypes.h
configure:4214: g++ -c -g -O2  conftest.cpp >&5
configure:4214: $? = 0
configure:4214: result: yes
configure:4214: checking for stdint.h
configure:4214: g++ -c -g -O2  conftest.cpp >&5
configure:4214: $? = 0
configure:4214: result: yes
configure:4214: checking for unistd.h
configure:4214: g++ -c -g -O2  conftest.cpp >&5
configure:4214: $? = 0
configure:4214: result: yes
configure:4229: checking arpa/inet.h usability
configure:4229: g++ -c -g -O2  conftest.cpp >&5
configure:4229: $? = 0
configure:4229: result: yes
configure:4229: checking arpa/inet.h presence
configure:4229: g++ -E  conftest.cpp
configure:4229: $? = 0
configure:4229: result: yes
configure:4229: checking for arpa/inet.h
configure:4229: result: yes
configure:4229: checking netdb.h usability
configure:4229: g++ -c -g -O2  conftest.cpp >&5
configure:4229: $? = 0
configure:4229: result: yes
configure:4229: checking netdb.h presence
configure:4229: g++ -E  conftest.cpp
configure:4229: $? = 0
configure:4229: result: yes
configure:4229: checking for netdb.h
configure:4229: result: yes
configure:4229: checking netinet/in.h usability
configure:4229: g++ -c -g -O2  conftest.cpp >&5
configure:4229: $? = 0
configure:4229: result: yes
configure:4229: checking netinet/in.h presence
configure:4229: g++ -E  conftest.cpp
configure:4229: $? = 0
configure:4229: result: yes
configure:4229: checking for netinet/in.h
configure:4229: result: yes
configure:4229: checking stddef.h usability
configure:4229: g++ -c -g -O2  conftest.cpp >&5
configure:4229: $? = 0
configure:4229: result: yes
configure:4229: checking stddef.h presence
configure:4229: g++ -E  conftest.cpp
configure:4229: $? = 0
configure:4229: result: yes
configure:4229: checking for stddef.h
configure:4229: result: yes
configure:4229: checking for stdint.h
configure:4229: result: yes
configure:4229: checking for stdlib.h
configure:4229: result: yes
configure:4229: checking sys/socket.h usability
configure:4229: g++ -c -g -O2  conftest.cpp >&5
configure:4229: $? = 0
configure:4229: result: yes
configure:4229: checking sys/socket.h presence
configure:4229: g++ -E  conftest.cpp
configure:4229: $? = 0
configure:4229: result: yes
configure:4229: checking for sys/socket.h
configure:4229: result: yes
configure:4229: checking sys/timeb.h usability
configure:4229: g++ -c -g -O2  conftest.cpp >&5
configure:4229: $? = 0
configure:4229: result: yes
configure:4229: checking sys/timeb.h presence
configure:4229: g++ -E  conftest.cpp
configure:4229: $? = 0
configure:4229: result: yes
configure:4229: checking for sys/timeb.h
configure:4229: result: yes
configure:4241: checking for stdbool.h that conforms to C99
configure:4308: g++ -c -g -O2  conftest.cpp >&5
configure:4308: $? = 0
configure:4315: result: yes
configure:4317: checking for _Bool
configure:4317: g++ -c -g -O2  conftest.cpp >&5
conftest.cpp: In function 'int main()':
conftest.cpp:65:13: error: '_Bool' was not declared in this scope
configure:4317: $? = 1
configure: failed program was:
| /* confdefs.h */
| #define PACKAGE_NAME "TheForgottenServer"
| #define PACKAGE_TARNAME "theforgottenserver"
| #define PACKAGE_VERSION "0.3.5"
| #define PACKAGE_STRING "TheForgottenServer 0.3.5"
| #define PACKAGE_BUGREPORT ""
| #define PACKAGE_URL ""
| #define PACKAGE "theforgottenserver"
| #define VERSION "0.3.5"
| #define STDC_HEADERS 1
| #define HAVE_SYS_TYPES_H 1
| #define HAVE_SYS_STAT_H 1
| #define HAVE_STDLIB_H 1
| #define HAVE_STRING_H 1
| #define HAVE_MEMORY_H 1
| #define HAVE_STRINGS_H 1
| #define HAVE_INTTYPES_H 1
| #define HAVE_STDINT_H 1
| #define HAVE_UNISTD_H 1
| #define HAVE_ARPA_INET_H 1
| #define HAVE_NETDB_H 1
| #define HAVE_NETINET_IN_H 1
| #define HAVE_STDDEF_H 1
| #define HAVE_STDINT_H 1
| #define HAVE_STDLIB_H 1
| #define HAVE_SYS_SOCKET_H 1
| #define HAVE_SYS_TIMEB_H 1
| /* end confdefs.h.  */
| #include <stdio.h>
| #ifdef HAVE_SYS_TYPES_H
| # include <sys/types.h>
| #endif
| #ifdef HAVE_SYS_STAT_H
| # include <sys/stat.h>
| #endif
| #ifdef STDC_HEADERS
| # include <stdlib.h>
| # include <stddef.h>
| #else
| # ifdef HAVE_STDLIB_H
| #  include <stdlib.h>
| # endif
| #endif
| #ifdef HAVE_STRING_H
| # if !defined STDC_HEADERS && defined HAVE_MEMORY_H
| #  include <memory.h>
| # endif
| # include <string.h>
| #endif
| #ifdef HAVE_STRINGS_H
| # include <strings.h>
| #endif
| #ifdef HAVE_INTTYPES_H
| # include <inttypes.h>
| #endif
| #ifdef HAVE_STDINT_H
| # include <stdint.h>
| #endif
| #ifdef HAVE_UNISTD_H
| # include <unistd.h>
| #endif
| int
| main ()
| {
| if (sizeof (_Bool))
| 	 return 0;
|   ;
|   return 0;
| }
configure:4317: result: no
configure:4334: checking for an ANSI C-conforming const
configure:4400: g++ -c -g -O2  conftest.cpp >&5
configure:4400: $? = 0
configure:4407: result: yes
configure:4415: checking for inline
configure:4431: g++ -c -g -O2  conftest.cpp >&5
configure:4431: $? = 0
configure:4439: result: inline
configure:4457: checking for int16_t
configure:4457: g++ -c -g -O2  conftest.cpp >&5
configure:4457: $? = 0
configure:4457: g++ -c -g -O2  conftest.cpp >&5
conftest.cpp: In function 'int main()':
conftest.cpp:68:58: error: size of array 'test_array' is negative
configure:4457: $? = 1
configure: failed program was:
| /* confdefs.h */
| #define PACKAGE_NAME "TheForgottenServer"
| #define PACKAGE_TARNAME "theforgottenserver"
| #define PACKAGE_VERSION "0.3.5"
| #define PACKAGE_STRING "TheForgottenServer 0.3.5"
| #define PACKAGE_BUGREPORT ""
| #define PACKAGE_URL ""
| #define PACKAGE "theforgottenserver"
| #define VERSION "0.3.5"
| #define STDC_HEADERS 1
| #define HAVE_SYS_TYPES_H 1
| #define HAVE_SYS_STAT_H 1
| #define HAVE_STDLIB_H 1
| #define HAVE_STRING_H 1
| #define HAVE_MEMORY_H 1
| #define HAVE_STRINGS_H 1
| #define HAVE_INTTYPES_H 1
| #define HAVE_STDINT_H 1
| #define HAVE_UNISTD_H 1
| #define HAVE_ARPA_INET_H 1
| #define HAVE_NETDB_H 1
| #define HAVE_NETINET_IN_H 1
| #define HAVE_STDDEF_H 1
| #define HAVE_STDINT_H 1
| #define HAVE_STDLIB_H 1
| #define HAVE_SYS_SOCKET_H 1
| #define HAVE_SYS_TIMEB_H 1
| #define HAVE_STDBOOL_H 1
| /* end confdefs.h.  */
| #include <stdio.h>
| #ifdef HAVE_SYS_TYPES_H
| # include <sys/types.h>
| #endif
| #ifdef HAVE_SYS_STAT_H
| # include <sys/stat.h>
| #endif
| #ifdef STDC_HEADERS
| # include <stdlib.h>
| # include <stddef.h>
| #else
| # ifdef HAVE_STDLIB_H
| #  include <stdlib.h>
| # endif
| #endif
| #ifdef HAVE_STRING_H
| # if !defined STDC_HEADERS && defined HAVE_MEMORY_H
| #  include <memory.h>
| # endif
| # include <string.h>
| #endif
| #ifdef HAVE_STRINGS_H
| # include <strings.h>
| #endif
| #ifdef HAVE_INTTYPES_H
| # include <inttypes.h>
| #endif
| #ifdef HAVE_STDINT_H
| # include <stdint.h>
| #endif
| #ifdef HAVE_UNISTD_H
| # include <unistd.h>
| #endif
| 	        enum { N = 16 / 2 - 1 };
| int
| main ()
| {
| static int test_array [1 - 2 * !((int16_t) (((((int16_t) 1 << N) << N) - 1) * 2 + 1)
| 		 < (int16_t) (((((int16_t) 1 << N) << N) - 1) * 2 + 2))];
| test_array [0] = 0;
| return test_array [0];
| 
|   ;
|   return 0;
| }
configure:4457: result: yes
configure:4468: checking for int32_t
configure:4468: g++ -c -g -O2  conftest.cpp >&5
configure:4468: $? = 0
configure:4468: g++ -c -g -O2  conftest.cpp >&5
conftest.cpp: In function 'int main()':
conftest.cpp:68:55: warning: integer overflow in expression [-Woverflow]
conftest.cpp:68:58: error: size of array 'test_array' is negative
configure:4468: $? = 1
configure: failed program was:
| /* confdefs.h */
| #define PACKAGE_NAME "TheForgottenServer"
| #define PACKAGE_TARNAME "theforgottenserver"
| #define PACKAGE_VERSION "0.3.5"
| #define PACKAGE_STRING "TheForgottenServer 0.3.5"
| #define PACKAGE_BUGREPORT ""
| #define PACKAGE_URL ""
| #define PACKAGE "theforgottenserver"
| #define VERSION "0.3.5"
| #define STDC_HEADERS 1
| #define HAVE_SYS_TYPES_H 1
| #define HAVE_SYS_STAT_H 1
| #define HAVE_STDLIB_H 1
| #define HAVE_STRING_H 1
| #define HAVE_MEMORY_H 1
| #define HAVE_STRINGS_H 1
| #define HAVE_INTTYPES_H 1
| #define HAVE_STDINT_H 1
| #define HAVE_UNISTD_H 1
| #define HAVE_ARPA_INET_H 1
| #define HAVE_NETDB_H 1
| #define HAVE_NETINET_IN_H 1
| #define HAVE_STDDEF_H 1
| #define HAVE_STDINT_H 1
| #define HAVE_STDLIB_H 1
| #define HAVE_SYS_SOCKET_H 1
| #define HAVE_SYS_TIMEB_H 1
| #define HAVE_STDBOOL_H 1
| /* end confdefs.h.  */
| #include <stdio.h>
| #ifdef HAVE_SYS_TYPES_H
| # include <sys/types.h>
| #endif
| #ifdef HAVE_SYS_STAT_H
| # include <sys/stat.h>
| #endif
| #ifdef STDC_HEADERS
| # include <stdlib.h>
| # include <stddef.h>
| #else
| # ifdef HAVE_STDLIB_H
| #  include <stdlib.h>
| # endif
| #endif
| #ifdef HAVE_STRING_H
| # if !defined STDC_HEADERS && defined HAVE_MEMORY_H
| #  include <memory.h>
| # endif
| # include <string.h>
| #endif
| #ifdef HAVE_STRINGS_H
| # include <strings.h>
| #endif
| #ifdef HAVE_INTTYPES_H
| # include <inttypes.h>
| #endif
| #ifdef HAVE_STDINT_H
| # include <stdint.h>
| #endif
| #ifdef HAVE_UNISTD_H
| # include <unistd.h>
| #endif
| 	        enum { N = 32 / 2 - 1 };
| int
| main ()
| {
| static int test_array [1 - 2 * !((int32_t) (((((int32_t) 1 << N) << N) - 1) * 2 + 1)
| 		 < (int32_t) (((((int32_t) 1 << N) << N) - 1) * 2 + 2))];
| test_array [0] = 0;
| return test_array [0];
| 
|   ;
|   return 0;
| }
configure:4468: result: yes
configure:4479: checking for int64_t
configure:4479: g++ -c -g -O2  conftest.cpp >&5
configure:4479: $? = 0
configure:4479: g++ -c -g -O2  conftest.cpp >&5
conftest.cpp: In function 'int main()':
conftest.cpp:68:55: warning: integer overflow in expression [-Woverflow]
conftest.cpp:68:58: error: size of array 'test_array' is negative
configure:4479: $? = 1
configure: failed program was:
| /* confdefs.h */
| #define PACKAGE_NAME "TheForgottenServer"
| #define PACKAGE_TARNAME "theforgottenserver"
| #define PACKAGE_VERSION "0.3.5"
| #define PACKAGE_STRING "TheForgottenServer 0.3.5"
| #define PACKAGE_BUGREPORT ""
| #define PACKAGE_URL ""
| #define PACKAGE "theforgottenserver"
| #define VERSION "0.3.5"
| #define STDC_HEADERS 1
| #define HAVE_SYS_TYPES_H 1
| #define HAVE_SYS_STAT_H 1
| #define HAVE_STDLIB_H 1
| #define HAVE_STRING_H 1
| #define HAVE_MEMORY_H 1
| #define HAVE_STRINGS_H 1
| #define HAVE_INTTYPES_H 1
| #define HAVE_STDINT_H 1
| #define HAVE_UNISTD_H 1
| #define HAVE_ARPA_INET_H 1
| #define HAVE_NETDB_H 1
| #define HAVE_NETINET_IN_H 1
| #define HAVE_STDDEF_H 1
| #define HAVE_STDINT_H 1
| #define HAVE_STDLIB_H 1
| #define HAVE_SYS_SOCKET_H 1
| #define HAVE_SYS_TIMEB_H 1
| #define HAVE_STDBOOL_H 1
| /* end confdefs.h.  */
| #include <stdio.h>
| #ifdef HAVE_SYS_TYPES_H
| # include <sys/types.h>
| #endif
| #ifdef HAVE_SYS_STAT_H
| # include <sys/stat.h>
| #endif
| #ifdef STDC_HEADERS
| # include <stdlib.h>
| # include <stddef.h>
| #else
| # ifdef HAVE_STDLIB_H
| #  include <stdlib.h>
| # endif
| #endif
| #ifdef HAVE_STRING_H
| # if !defined STDC_HEADERS && defined HAVE_MEMORY_H
| #  include <memory.h>
| # endif
| # include <string.h>
| #endif
| #ifdef HAVE_STRINGS_H
| # include <strings.h>
| #endif
| #ifdef HAVE_INTTYPES_H
| # include <inttypes.h>
| #endif
| #ifdef HAVE_STDINT_H
| # include <stdint.h>
| #endif
| #ifdef HAVE_UNISTD_H
| # include <unistd.h>
| #endif
| 	        enum { N = 64 / 2 - 1 };
| int
| main ()
| {
| static int test_array [1 - 2 * !((int64_t) (((((int64_t) 1 << N) << N) - 1) * 2 + 1)
| 		 < (int64_t) (((((int64_t) 1 << N) << N) - 1) * 2 + 2))];
| test_array [0] = 0;
| return test_array [0];
| 
|   ;
|   return 0;
| }
configure:4479: result: yes
configure:4490: checking for size_t
configure:4490: g++ -c -g -O2  conftest.cpp >&5
configure:4490: $? = 0
configure:4490: g++ -c -g -O2  conftest.cpp >&5
conftest.cpp: In function 'int main()':
conftest.cpp:66:20: error: expected primary-expression before ')' token
configure:4490: $? = 1
configure: failed program was:
| /* confdefs.h */
| #define PACKAGE_NAME "TheForgottenServer"
| #define PACKAGE_TARNAME "theforgottenserver"
| #define PACKAGE_VERSION "0.3.5"
| #define PACKAGE_STRING "TheForgottenServer 0.3.5"
| #define PACKAGE_BUGREPORT ""
| #define PACKAGE_URL ""
| #define PACKAGE "theforgottenserver"
| #define VERSION "0.3.5"
| #define STDC_HEADERS 1
| #define HAVE_SYS_TYPES_H 1
| #define HAVE_SYS_STAT_H 1
| #define HAVE_STDLIB_H 1
| #define HAVE_STRING_H 1
| #define HAVE_MEMORY_H 1
| #define HAVE_STRINGS_H 1
| #define HAVE_INTTYPES_H 1
| #define HAVE_STDINT_H 1
| #define HAVE_UNISTD_H 1
| #define HAVE_ARPA_INET_H 1
| #define HAVE_NETDB_H 1
| #define HAVE_NETINET_IN_H 1
| #define HAVE_STDDEF_H 1
| #define HAVE_STDINT_H 1
| #define HAVE_STDLIB_H 1
| #define HAVE_SYS_SOCKET_H 1
| #define HAVE_SYS_TIMEB_H 1
| #define HAVE_STDBOOL_H 1
| /* end confdefs.h.  */
| #include <stdio.h>
| #ifdef HAVE_SYS_TYPES_H
| # include <sys/types.h>
| #endif
| #ifdef HAVE_SYS_STAT_H
| # include <sys/stat.h>
| #endif
| #ifdef STDC_HEADERS
| # include <stdlib.h>
| # include <stddef.h>
| #else
| # ifdef HAVE_STDLIB_H
| #  include <stdlib.h>
| # endif
| #endif
| #ifdef HAVE_STRING_H
| # if !defined STDC_HEADERS && defined HAVE_MEMORY_H
| #  include <memory.h>
| # endif
| # include <string.h>
| #endif
| #ifdef HAVE_STRINGS_H
| # include <strings.h>
| #endif
| #ifdef HAVE_INTTYPES_H
| # include <inttypes.h>
| #endif
| #ifdef HAVE_STDINT_H
| # include <stdint.h>
| #endif
| #ifdef HAVE_UNISTD_H
| # include <unistd.h>
| #endif
| int
| main ()
| {
| if (sizeof ((size_t)))
| 	    return 0;
|   ;
|   return 0;
| }
configure:4490: result: yes
configure:4501: checking whether struct tm is in sys/time.h or time.h
configure:4521: g++ -c -g -O2  conftest.cpp >&5
configure:4521: $? = 0
configure:4528: result: time.h
configure:4536: checking for uint16_t
configure:4536: g++ -c -g -O2  conftest.cpp >&5
configure:4536: $? = 0
configure:4536: result: yes
configure:4548: checking for uint32_t
configure:4548: g++ -c -g -O2  conftest.cpp >&5
configure:4548: $? = 0
configure:4548: result: yes
configure:4562: checking for uint64_t
configure:4562: g++ -c -g -O2  conftest.cpp >&5
configure:4562: $? = 0
configure:4562: result: yes
configure:4576: checking for uint8_t
configure:4576: g++ -c -g -O2  conftest.cpp >&5
configure:4576: $? = 0
configure:4576: result: yes
configure:4590: checking for ptrdiff_t
configure:4590: g++ -c -g -O2  conftest.cpp >&5
configure:4590: $? = 0
configure:4590: g++ -c -g -O2  conftest.cpp >&5
conftest.cpp: In function 'int main()':
conftest.cpp:66:23: error: expected primary-expression before ')' token
configure:4590: $? = 1
configure: failed program was:
| /* confdefs.h */
| #define PACKAGE_NAME "TheForgottenServer"
| #define PACKAGE_TARNAME "theforgottenserver"
| #define PACKAGE_VERSION "0.3.5"
| #define PACKAGE_STRING "TheForgottenServer 0.3.5"
| #define PACKAGE_BUGREPORT ""
| #define PACKAGE_URL ""
| #define PACKAGE "theforgottenserver"
| #define VERSION "0.3.5"
| #define STDC_HEADERS 1
| #define HAVE_SYS_TYPES_H 1
| #define HAVE_SYS_STAT_H 1
| #define HAVE_STDLIB_H 1
| #define HAVE_STRING_H 1
| #define HAVE_MEMORY_H 1
| #define HAVE_STRINGS_H 1
| #define HAVE_INTTYPES_H 1
| #define HAVE_STDINT_H 1
| #define HAVE_UNISTD_H 1
| #define HAVE_ARPA_INET_H 1
| #define HAVE_NETDB_H 1
| #define HAVE_NETINET_IN_H 1
| #define HAVE_STDDEF_H 1
| #define HAVE_STDINT_H 1
| #define HAVE_STDLIB_H 1
| #define HAVE_SYS_SOCKET_H 1
| #define HAVE_SYS_TIMEB_H 1
| #define HAVE_STDBOOL_H 1
| /* end confdefs.h.  */
| #include <stdio.h>
| #ifdef HAVE_SYS_TYPES_H
| # include <sys/types.h>
| #endif
| #ifdef HAVE_SYS_STAT_H
| # include <sys/stat.h>
| #endif
| #ifdef STDC_HEADERS
| # include <stdlib.h>
| # include <stddef.h>
| #else
| # ifdef HAVE_STDLIB_H
| #  include <stdlib.h>
| # endif
| #endif
| #ifdef HAVE_STRING_H
| # if !defined STDC_HEADERS && defined HAVE_MEMORY_H
| #  include <memory.h>
| # endif
| # include <string.h>
| #endif
| #ifdef HAVE_STRINGS_H
| # include <strings.h>
| #endif
| #ifdef HAVE_INTTYPES_H
| # include <inttypes.h>
| #endif
| #ifdef HAVE_STDINT_H
| # include <stdint.h>
| #endif
| #ifdef HAVE_UNISTD_H
| # include <unistd.h>
| #endif
| int
| main ()
| {
| if (sizeof ((ptrdiff_t)))
| 	    return 0;
|   ;
|   return 0;
| }
configure:4590: result: yes
configure:4604: checking for stdlib.h
configure:4604: result: yes
configure:4614: checking for GNU libc compatible malloc
configure:4638: g++ -o conftest -g -O2   conftest.cpp  >&5
configure:4638: $? = 0
configure:4638: ./conftest
configure:4638: $? = 0
configure:4648: result: yes
configure:4669: checking for working memcmp
configure:4712: g++ -o conftest -g -O2   conftest.cpp  >&5
configure:4712: $? = 0
configure:4712: ./conftest
configure:4712: $? = 0
configure:4722: result: yes
configure:4733: checking for stdlib.h
configure:4733: result: yes
configure:4743: checking for GNU libc compatible realloc
configure:4767: g++ -o conftest -g -O2   conftest.cpp  >&5
configure:4767: $? = 0
configure:4767: ./conftest
configure:4767: $? = 0
configure:4777: result: yes
configure:4801: checking for floor
configure:4801: g++ -o conftest -g -O2   conftest.cpp  >&5
configure:4801: $? = 0
configure:4801: result: yes
configure:4801: checking for ftime
configure:4801: g++ -o conftest -g -O2   conftest.cpp  >&5
configure:4801: $? = 0
configure:4801: result: yes
configure:4801: checking for gethostbyname
configure:4801: g++ -o conftest -g -O2   conftest.cpp  >&5
configure:4801: $? = 0
configure:4801: result: yes
configure:4801: checking for gethostname
configure:4801: g++ -o conftest -g -O2   conftest.cpp  >&5
configure:4801: $? = 0
configure:4801: result: yes
configure:4801: checking for memset
configure:4801: g++ -o conftest -g -O2   conftest.cpp  >&5
configure:4801: $? = 0
configure:4801: result: yes
configure:4801: checking for pow
configure:4801: g++ -o conftest -g -O2   conftest.cpp  >&5
configure:4801: $? = 0
configure:4801: result: yes
configure:4801: checking for sqrt
configure:4801: g++ -o conftest -g -O2   conftest.cpp  >&5
configure:4801: $? = 0
configure:4801: result: yes
configure:4801: checking for strcasecmp
configure:4801: g++ -o conftest -g -O2   conftest.cpp  >&5
configure:4801: $? = 0
configure:4801: result: yes
configure:4801: checking for strncasecmp
configure:4801: g++ -o conftest -g -O2   conftest.cpp  >&5
configure:4801: $? = 0
configure:4801: result: yes
configure:4801: checking for strstr
configure:4801: g++ -o conftest -g -O2   conftest.cpp  >&5
configure:4801: $? = 0
configure:4801: result: yes
configure:4801: checking for strtol
configure:4801: g++ -o conftest -g -O2   conftest.cpp  >&5
configure:4801: $? = 0
configure:4801: result: yes
configure:4852: checking for xml2-config
configure:4870: found /usr/bin/xml2-config
configure:4883: result: /usr/bin/xml2-config
configure:4892: checking for libxml - version >= 2.6.5
configure:4994: g++ -o conftest -g -O2  -I/usr/include/libxml2  conftest.cpp -L/usr/lib -lxml2  >&5
configure:4994: $? = 0
configure:4994: ./conftest
configure:4994: $? = 0
configure:5009: result: yes (version 2.8.0)
configure:5077: checking gmp.h usability
configure:5077: g++ -c -g -O2  conftest.cpp >&5
configure:5077: $? = 0
configure:5077: result: yes
configure:5077: checking gmp.h presence
configure:5077: g++ -E  conftest.cpp
configure:5077: $? = 0
configure:5077: result: yes
configure:5077: checking for gmp.h
configure:5077: result: yes
configure:5089: checking for __gmpz_init2 in -lgmp
configure:5114: g++ -o conftest -g -O2   conftest.cpp -lgmp   -L/usr/lib -lxml2 >&5
configure:5114: $? = 0
configure:5123: result: yes
configure:5138: checking for main in -lboost_thread-gcc-mt
configure:5157: g++ -o conftest -g -O2   conftest.cpp -lboost_thread-gcc-mt  -lgmp  -L/usr/lib -lxml2 >&5
/usr/bin/ld: cannot find -lboost_thread-gcc-mt
collect2: error: ld returned 1 exit status
configure:5157: $? = 1
configure: failed program was:
| /* confdefs.h */
| #define PACKAGE_NAME "TheForgottenServer"
| #define PACKAGE_TARNAME "theforgottenserver"
| #define PACKAGE_VERSION "0.3.5"
| #define PACKAGE_STRING "TheForgottenServer 0.3.5"
| #define PACKAGE_BUGREPORT ""
| #define PACKAGE_URL ""
| #define PACKAGE "theforgottenserver"
| #define VERSION "0.3.5"
| #define STDC_HEADERS 1
| #define HAVE_SYS_TYPES_H 1
| #define HAVE_SYS_STAT_H 1
| #define HAVE_STDLIB_H 1
| #define HAVE_STRING_H 1
| #define HAVE_MEMORY_H 1
| #define HAVE_STRINGS_H 1
| #define HAVE_INTTYPES_H 1
| #define HAVE_STDINT_H 1
| #define HAVE_UNISTD_H 1
| #define HAVE_ARPA_INET_H 1
| #define HAVE_NETDB_H 1
| #define HAVE_NETINET_IN_H 1
| #define HAVE_STDDEF_H 1
| #define HAVE_STDINT_H 1
| #define HAVE_STDLIB_H 1
| #define HAVE_SYS_SOCKET_H 1
| #define HAVE_SYS_TIMEB_H 1
| #define HAVE_STDBOOL_H 1
| #define HAVE_PTRDIFF_T 1
| #define HAVE_STDLIB_H 1
| #define HAVE_MALLOC 1
| #define HAVE_STDLIB_H 1
| #define HAVE_REALLOC 1
| #define HAVE_FLOOR 1
| #define HAVE_FTIME 1
| #define HAVE_GETHOSTBYNAME 1
| #define HAVE_GETHOSTNAME 1
| #define HAVE_MEMSET 1
| #define HAVE_POW 1
| #define HAVE_SQRT 1
| #define HAVE_STRCASECMP 1
| #define HAVE_STRNCASECMP 1
| #define HAVE_STRSTR 1
| #define HAVE_STRTOL 1
| #define HAVE_GMP_H 1
| #define HAVE_LIBGMP 1
| /* end confdefs.h.  */
| 
| 
| int
| main ()
| {
| return main ();
|   ;
|   return 0;
| }
configure:5166: result: no
configure:5177: checking for main in -lboost_thread-mt
configure:5196: g++ -o conftest -g -O2   conftest.cpp -lboost_thread-mt  -lgmp  -L/usr/lib -lxml2 >&5
configure:5196: $? = 0
configure:5205: result: yes
configure:5266: checking for main in -lboost_regex-gcc-mt
configure:5285: g++ -o conftest -g -O2   conftest.cpp -lboost_regex-gcc-mt  -lboost_thread-mt -lgmp  -L/usr/lib -lxml2 >&5
/usr/bin/ld: cannot find -lboost_regex-gcc-mt
collect2: error: ld returned 1 exit status
configure:5285: $? = 1
configure: failed program was:
| /* confdefs.h */
| #define PACKAGE_NAME "TheForgottenServer"
| #define PACKAGE_TARNAME "theforgottenserver"
| #define PACKAGE_VERSION "0.3.5"
| #define PACKAGE_STRING "TheForgottenServer 0.3.5"
| #define PACKAGE_BUGREPORT ""
| #define PACKAGE_URL ""
| #define PACKAGE "theforgottenserver"
| #define VERSION "0.3.5"
| #define STDC_HEADERS 1
| #define HAVE_SYS_TYPES_H 1
| #define HAVE_SYS_STAT_H 1
| #define HAVE_STDLIB_H 1
| #define HAVE_STRING_H 1
| #define HAVE_MEMORY_H 1
| #define HAVE_STRINGS_H 1
| #define HAVE_INTTYPES_H 1
| #define HAVE_STDINT_H 1
| #define HAVE_UNISTD_H 1
| #define HAVE_ARPA_INET_H 1
| #define HAVE_NETDB_H 1
| #define HAVE_NETINET_IN_H 1
| #define HAVE_STDDEF_H 1
| #define HAVE_STDINT_H 1
| #define HAVE_STDLIB_H 1
| #define HAVE_SYS_SOCKET_H 1
| #define HAVE_SYS_TIMEB_H 1
| #define HAVE_STDBOOL_H 1
| #define HAVE_PTRDIFF_T 1
| #define HAVE_STDLIB_H 1
| #define HAVE_MALLOC 1
| #define HAVE_STDLIB_H 1
| #define HAVE_REALLOC 1
| #define HAVE_FLOOR 1
| #define HAVE_FTIME 1
| #define HAVE_GETHOSTBYNAME 1
| #define HAVE_GETHOSTNAME 1
| #define HAVE_MEMSET 1
| #define HAVE_POW 1
| #define HAVE_SQRT 1
| #define HAVE_STRCASECMP 1
| #define HAVE_STRNCASECMP 1
| #define HAVE_STRSTR 1
| #define HAVE_STRTOL 1
| #define HAVE_GMP_H 1
| #define HAVE_LIBGMP 1
| #define HAVE_LIBBOOST_THREAD_MT 1
| /* end confdefs.h.  */
| 
| 
| int
| main ()
| {
| return main ();
|   ;
|   return 0;
| }
configure:5294: result: no
configure:5305: checking for main in -lboost_regex-mt
configure:5324: g++ -o conftest -g -O2   conftest.cpp -lboost_regex-mt  -lboost_thread-mt -lgmp  -L/usr/lib -lxml2 >&5
configure:5324: $? = 0
configure:5333: result: yes
configure:5394: checking for main in -lboost_system-gcc-mt
configure:5413: g++ -o conftest -g -O2   conftest.cpp -lboost_system-gcc-mt  -lboost_regex-mt -lboost_thread-mt -lgmp  -L/usr/lib -lxml2 >&5
/usr/bin/ld: cannot find -lboost_system-gcc-mt
collect2: error: ld returned 1 exit status
configure:5413: $? = 1
configure: failed program was:
| /* confdefs.h */
| #define PACKAGE_NAME "TheForgottenServer"
| #define PACKAGE_TARNAME "theforgottenserver"
| #define PACKAGE_VERSION "0.3.5"
| #define PACKAGE_STRING "TheForgottenServer 0.3.5"
| #define PACKAGE_BUGREPORT ""
| #define PACKAGE_URL ""
| #define PACKAGE "theforgottenserver"
| #define VERSION "0.3.5"
| #define STDC_HEADERS 1
| #define HAVE_SYS_TYPES_H 1
| #define HAVE_SYS_STAT_H 1
| #define HAVE_STDLIB_H 1
| #define HAVE_STRING_H 1
| #define HAVE_MEMORY_H 1
| #define HAVE_STRINGS_H 1
| #define HAVE_INTTYPES_H 1
| #define HAVE_STDINT_H 1
| #define HAVE_UNISTD_H 1
| #define HAVE_ARPA_INET_H 1
| #define HAVE_NETDB_H 1
| #define HAVE_NETINET_IN_H 1
| #define HAVE_STDDEF_H 1
| #define HAVE_STDINT_H 1
| #define HAVE_STDLIB_H 1
| #define HAVE_SYS_SOCKET_H 1
| #define HAVE_SYS_TIMEB_H 1
| #define HAVE_STDBOOL_H 1
| #define HAVE_PTRDIFF_T 1
| #define HAVE_STDLIB_H 1
| #define HAVE_MALLOC 1
| #define HAVE_STDLIB_H 1
| #define HAVE_REALLOC 1
| #define HAVE_FLOOR 1
| #define HAVE_FTIME 1
| #define HAVE_GETHOSTBYNAME 1
| #define HAVE_GETHOSTNAME 1
| #define HAVE_MEMSET 1
| #define HAVE_POW 1
| #define HAVE_SQRT 1
| #define HAVE_STRCASECMP 1
| #define HAVE_STRNCASECMP 1
| #define HAVE_STRSTR 1
| #define HAVE_STRTOL 1
| #define HAVE_GMP_H 1
| #define HAVE_LIBGMP 1
| #define HAVE_LIBBOOST_THREAD_MT 1
| #define HAVE_LIBBOOST_REGEX_MT 1
| /* end confdefs.h.  */
| 
| 
| int
| main ()
| {
| return main ();
|   ;
|   return 0;
| }
configure:5422: result: no
configure:5433: checking for main in -lboost_system-mt
configure:5452: g++ -o conftest -g -O2   conftest.cpp -lboost_system-mt  -lboost_regex-mt -lboost_thread-mt -lgmp  -L/usr/lib -lxml2 >&5
configure:5452: $? = 0
configure:5461: result: yes
configure:5522: checking for main in -lboost_date_time-gcc-mt
configure:5541: g++ -o conftest -g -O2   conftest.cpp -lboost_date_time-gcc-mt  -lboost_system-mt -lboost_regex-mt -lboost_thread-mt -lgmp  -L/usr/lib -lxml2 >&5
/usr/bin/ld: cannot find -lboost_date_time-gcc-mt
collect2: error: ld returned 1 exit status
configure:5541: $? = 1
configure: failed program was:
| /* confdefs.h */
| #define PACKAGE_NAME "TheForgottenServer"
| #define PACKAGE_TARNAME "theforgottenserver"
| #define PACKAGE_VERSION "0.3.5"
| #define PACKAGE_STRING "TheForgottenServer 0.3.5"
| #define PACKAGE_BUGREPORT ""
| #define PACKAGE_URL ""
| #define PACKAGE "theforgottenserver"
| #define VERSION "0.3.5"
| #define STDC_HEADERS 1
| #define HAVE_SYS_TYPES_H 1
| #define HAVE_SYS_STAT_H 1
| #define HAVE_STDLIB_H 1
| #define HAVE_STRING_H 1
| #define HAVE_MEMORY_H 1
| #define HAVE_STRINGS_H 1
| #define HAVE_INTTYPES_H 1
| #define HAVE_STDINT_H 1
| #define HAVE_UNISTD_H 1
| #define HAVE_ARPA_INET_H 1
| #define HAVE_NETDB_H 1
| #define HAVE_NETINET_IN_H 1
| #define HAVE_STDDEF_H 1
| #define HAVE_STDINT_H 1
| #define HAVE_STDLIB_H 1
| #define HAVE_SYS_SOCKET_H 1
| #define HAVE_SYS_TIMEB_H 1
| #define HAVE_STDBOOL_H 1
| #define HAVE_PTRDIFF_T 1
| #define HAVE_STDLIB_H 1
| #define HAVE_MALLOC 1
| #define HAVE_STDLIB_H 1
| #define HAVE_REALLOC 1
| #define HAVE_FLOOR 1
| #define HAVE_FTIME 1
| #define HAVE_GETHOSTBYNAME 1
| #define HAVE_GETHOSTNAME 1
| #define HAVE_MEMSET 1
| #define HAVE_POW 1
| #define HAVE_SQRT 1
| #define HAVE_STRCASECMP 1
| #define HAVE_STRNCASECMP 1
| #define HAVE_STRSTR 1
| #define HAVE_STRTOL 1
| #define HAVE_GMP_H 1
| #define HAVE_LIBGMP 1
| #define HAVE_LIBBOOST_THREAD_MT 1
| #define HAVE_LIBBOOST_REGEX_MT 1
| #define HAVE_LIBBOOST_SYSTEM_MT 1
| /* end confdefs.h.  */
| 
| 
| int
| main ()
| {
| return main ();
|   ;
|   return 0;
| }
configure:5550: result: no
configure:5561: checking for main in -lboost_date_time-mt
configure:5580: g++ -o conftest -g -O2   conftest.cpp -lboost_date_time-mt  -lboost_system-mt -lboost_regex-mt -lboost_thread-mt -lgmp  -L/usr/lib -lxml2 >&5
configure:5580: $? = 0
configure:5589: result: yes
configure:5650: checking for main in -lboost_filesystem-gcc-mt
configure:5669: g++ -o conftest -g -O2   conftest.cpp -lboost_filesystem-gcc-mt  -lboost_date_time-mt -lboost_system-mt -lboost_regex-mt -lboost_thread-mt -lgmp  -L/usr/lib -lxml2 >&5
/usr/bin/ld: cannot find -lboost_filesystem-gcc-mt
collect2: error: ld returned 1 exit status
configure:5669: $? = 1
configure: failed program was:
| /* confdefs.h */
| #define PACKAGE_NAME "TheForgottenServer"
| #define PACKAGE_TARNAME "theforgottenserver"
| #define PACKAGE_VERSION "0.3.5"
| #define PACKAGE_STRING "TheForgottenServer 0.3.5"
| #define PACKAGE_BUGREPORT ""
| #define PACKAGE_URL ""
| #define PACKAGE "theforgottenserver"
| #define VERSION "0.3.5"
| #define STDC_HEADERS 1
| #define HAVE_SYS_TYPES_H 1
| #define HAVE_SYS_STAT_H 1
| #define HAVE_STDLIB_H 1
| #define HAVE_STRING_H 1
| #define HAVE_MEMORY_H 1
| #define HAVE_STRINGS_H 1
| #define HAVE_INTTYPES_H 1
| #define HAVE_STDINT_H 1
| #define HAVE_UNISTD_H 1
| #define HAVE_ARPA_INET_H 1
| #define HAVE_NETDB_H 1
| #define HAVE_NETINET_IN_H 1
| #define HAVE_STDDEF_H 1
| #define HAVE_STDINT_H 1
| #define HAVE_STDLIB_H 1
| #define HAVE_SYS_SOCKET_H 1
| #define HAVE_SYS_TIMEB_H 1
| #define HAVE_STDBOOL_H 1
| #define HAVE_PTRDIFF_T 1
| #define HAVE_STDLIB_H 1
| #define HAVE_MALLOC 1
| #define HAVE_STDLIB_H 1
| #define HAVE_REALLOC 1
| #define HAVE_FLOOR 1
| #define HAVE_FTIME 1
| #define HAVE_GETHOSTBYNAME 1
| #define HAVE_GETHOSTNAME 1
| #define HAVE_MEMSET 1
| #define HAVE_POW 1
| #define HAVE_SQRT 1
| #define HAVE_STRCASECMP 1
| #define HAVE_STRNCASECMP 1
| #define HAVE_STRSTR 1
| #define HAVE_STRTOL 1
| #define HAVE_GMP_H 1
| #define HAVE_LIBGMP 1
| #define HAVE_LIBBOOST_THREAD_MT 1
| #define HAVE_LIBBOOST_REGEX_MT 1
| #define HAVE_LIBBOOST_SYSTEM_MT 1
| #define HAVE_LIBBOOST_DATE_TIME_MT 1
| /* end confdefs.h.  */
| 
| 
| int
| main ()
| {
| return main ();
|   ;
|   return 0;
| }
configure:5678: result: no
configure:5689: checking for main in -lboost_filesystem-mt
configure:5708: g++ -o conftest -g -O2   conftest.cpp -lboost_filesystem-mt  -lboost_date_time-mt -lboost_system-mt -lboost_regex-mt -lboost_thread-mt -lgmp  -L/usr/lib -lxml2 >&5
configure:5708: $? = 0
configure:5717: result: yes
configure:5781: checking boost/asio.hpp usability
configure:5781: g++ -c -g -O2  conftest.cpp >&5
configure:5781: $? = 0
configure:5781: result: yes
configure:5781: checking boost/asio.hpp presence
configure:5781: g++ -E  conftest.cpp
configure:5781: $? = 0
configure:5781: result: yes
configure:5781: checking for boost/asio.hpp
configure:5781: result: yes
configure:5797: checking boost/tr1/unordered_set.hpp usability
configure:5797: g++ -c -g -O2  conftest.cpp >&5
configure:5797: $? = 0
configure:5797: result: yes
configure:5797: checking boost/tr1/unordered_set.hpp presence
configure:5797: g++ -E  conftest.cpp
configure:5797: $? = 0
configure:5797: result: yes
configure:5797: checking for boost/tr1/unordered_set.hpp
configure:5797: result: yes
configure:5865: checking for pkg-config
configure:5883: found /usr/bin/pkg-config
configure:5895: result: /usr/bin/pkg-config
configure:5920: checking pkg-config is at least version 0.9.0
configure:5923: result: yes
configure:5933: checking for LUA
configure:5940: $PKG_CONFIG --exists --print-errors "lua5.1 >= 5.1"
configure:5943: $? = 0
configure:5957: $PKG_CONFIG --exists --print-errors "lua5.1 >= 5.1"
configure:5960: $? = 0
configure:6110: result: yes
configure:6121: checking mysql/mysql.h usability
configure:6121: g++ -c -g -O2  conftest.cpp >&5
configure:6121: $? = 0
configure:6121: result: yes
configure:6121: checking mysql/mysql.h presence
configure:6121: g++ -E  conftest.cpp
configure:6121: $? = 0
configure:6121: result: yes
configure:6121: checking for mysql/mysql.h
configure:6121: result: yes
configure:6133: checking for main in -lmysqlclient
configure:6152: g++ -o conftest -g -O2   conftest.cpp -lmysqlclient  -lboost_filesystem-mt -lboost_date_time-mt -lboost_system-mt -lboost_regex-mt -lboost_thread-mt -lgmp  -L/usr/lib -lxml2 >&5
configure:6152: $? = 0
configure:6161: result: yes
configure:6538: creating ./config.status

## ---------------------- ##
## Running config.status. ##
## ---------------------- ##

This file was extended by TheForgottenServer config.status 0.3.5, which was
generated by GNU Autoconf 2.69.  Invocation command line was

  CONFIG_FILES    = 
  CONFIG_HEADERS  = 
  CONFIG_LINKS    = 
  CONFIG_COMMANDS = 
  $ ./config.status 

on Mars007

config.status:915: creating Makefile
config.status:915: creating config.h
config.status:1096: config.h is unchanged
config.status:1144: executing depfiles commands

## ---------------- ##
## Cache variables. ##
## ---------------- ##

ac_cv_c_const=yes
ac_cv_c_inline=inline
ac_cv_c_int16_t=yes
ac_cv_c_int32_t=yes
ac_cv_c_int64_t=yes
ac_cv_c_uint16_t=yes
ac_cv_c_uint32_t=yes
ac_cv_c_uint64_t=yes
ac_cv_c_uint8_t=yes
ac_cv_cxx_compiler_gnu=yes
ac_cv_env_CCC_set=
ac_cv_env_CCC_value=
ac_cv_env_CPPFLAGS_set=
ac_cv_env_CPPFLAGS_value=
ac_cv_env_CXXCPP_set=
ac_cv_env_CXXCPP_value=
ac_cv_env_CXXFLAGS_set=
ac_cv_env_CXXFLAGS_value=
ac_cv_env_CXX_set=
ac_cv_env_CXX_value=
ac_cv_env_LDFLAGS_set=
ac_cv_env_LDFLAGS_value=
ac_cv_env_LIBS_set=
ac_cv_env_LIBS_value=
ac_cv_env_LUA_CFLAGS_set=
ac_cv_env_LUA_CFLAGS_value=
ac_cv_env_LUA_LIBS_set=
ac_cv_env_LUA_LIBS_value=
ac_cv_env_PKG_CONFIG_LIBDIR_set=
ac_cv_env_PKG_CONFIG_LIBDIR_value=
ac_cv_env_PKG_CONFIG_PATH_set=
ac_cv_env_PKG_CONFIG_PATH_value=
ac_cv_env_PKG_CONFIG_set=
ac_cv_env_PKG_CONFIG_value=
ac_cv_env_build_alias_set=
ac_cv_env_build_alias_value=
ac_cv_env_host_alias_set=
ac_cv_env_host_alias_value=
ac_cv_env_target_alias_set=
ac_cv_env_target_alias_value=
ac_cv_func_floor=yes
ac_cv_func_ftime=yes
ac_cv_func_gethostbyname=yes
ac_cv_func_gethostname=yes
ac_cv_func_malloc_0_nonnull=yes
ac_cv_func_memcmp_working=yes
ac_cv_func_memset=yes
ac_cv_func_pow=yes
ac_cv_func_realloc_0_nonnull=yes
ac_cv_func_sqrt=yes
ac_cv_func_strcasecmp=yes
ac_cv_func_strncasecmp=yes
ac_cv_func_strstr=yes
ac_cv_func_strtol=yes
ac_cv_header_arpa_inet_h=yes
ac_cv_header_boost_asio_hpp=yes
ac_cv_header_boost_tr1_unordered_set_hpp=yes
ac_cv_header_gmp_h=yes
ac_cv_header_inttypes_h=yes
ac_cv_header_memory_h=yes
ac_cv_header_mysql_mysql_h=yes
ac_cv_header_netdb_h=yes
ac_cv_header_netinet_in_h=yes
ac_cv_header_stdbool_h=yes
ac_cv_header_stdc=yes
ac_cv_header_stddef_h=yes
ac_cv_header_stdint_h=yes
ac_cv_header_stdlib_h=yes
ac_cv_header_string_h=yes
ac_cv_header_strings_h=yes
ac_cv_header_sys_socket_h=yes
ac_cv_header_sys_stat_h=yes
ac_cv_header_sys_timeb_h=yes
ac_cv_header_sys_types_h=yes
ac_cv_header_unistd_h=yes
ac_cv_lib_boost_date_time_gcc_mt_main=no
ac_cv_lib_boost_date_time_mt_main=yes
ac_cv_lib_boost_filesystem_gcc_mt_main=no
ac_cv_lib_boost_filesystem_mt_main=yes
ac_cv_lib_boost_regex_gcc_mt_main=no
ac_cv_lib_boost_regex_mt_main=yes
ac_cv_lib_boost_system_gcc_mt_main=no
ac_cv_lib_boost_system_mt_main=yes
ac_cv_lib_boost_thread_gcc_mt_main=no
ac_cv_lib_boost_thread_mt_main=yes
ac_cv_lib_gmp___gmpz_init2=yes
ac_cv_lib_mysqlclient_main=yes
ac_cv_objext=o
ac_cv_path_EGREP='/bin/grep -E'
ac_cv_path_GREP=/bin/grep
ac_cv_path_XML2_CONFIG=/usr/bin/xml2-config
ac_cv_path_ac_pt_PKG_CONFIG=/usr/bin/pkg-config
ac_cv_path_install='/usr/bin/install -c'
ac_cv_path_mkdir=/bin/mkdir
ac_cv_prog_AWK=gawk
ac_cv_prog_CXXCPP='g++ -E'
ac_cv_prog_ac_ct_CXX=g++
ac_cv_prog_cxx_g=yes
ac_cv_prog_make_make_set=yes
ac_cv_struct_tm=time.h
ac_cv_type__Bool=no
ac_cv_type_ptrdiff_t=yes
ac_cv_type_size_t=yes
am_cv_CXX_dependencies_compiler_type=gcc3
pkg_cv_LUA_CFLAGS='-I/usr/include/lua5.1  '
pkg_cv_LUA_LIBS='-llua5.1  '

## ----------------- ##
## Output variables. ##
## ----------------- ##

ACLOCAL='${SHELL} /home/ots/source/missing --run aclocal-1.11'
AMDEPBACKSLASH='\'
AMDEP_FALSE='#'
AMDEP_TRUE=''
AMTAR='$${TAR-tar}'
AUTOCONF='${SHELL} /home/ots/source/missing --run autoconf'
AUTOHEADER='${SHELL} /home/ots/source/missing --run autoheader'
AUTOMAKE='${SHELL} /home/ots/source/missing --run automake-1.11'
AWK='gawk'
CPPFLAGS=''
CXX='g++'
CXXCPP='g++ -E'
CXXDEPMODE='depmode=gcc3'
CXXFLAGS='-g -O2'
CYGPATH_W='echo'
DEBUG_FLAGS=''
DEFS='-DHAVE_CONFIG_H'
DEPDIR='.deps'
ECHO_C=''
ECHO_N='-n'
ECHO_T=''
EGREP='/bin/grep -E'
EXEEXT=''
GREP='/bin/grep'
INSTALL_DATA='${INSTALL} -m 644'
INSTALL_PROGRAM='${INSTALL}'
INSTALL_SCRIPT='${INSTALL}'
INSTALL_STRIP_PROGRAM='$(install_sh) -c -s'
LDFLAGS=''
LIBOBJS=''
LIBS='-lmysqlclient -lboost_filesystem-mt -lboost_date_time-mt -lboost_system-mt -lboost_regex-mt -lboost_thread-mt -lgmp  -L/usr/lib -lxml2'
LOGIN_SERVER_FALSE=''
LOGIN_SERVER_TRUE='#'
LTLIBOBJS=''
LUA_CFLAGS='-I/usr/include/lua5.1  '
LUA_LIBS='-llua5.1  '
MAKEINFO='${SHELL} /home/ots/source/missing --run makeinfo'
MKDIR_P='/bin/mkdir -p'
MYSQL_FLAGS='-D__USE_MYSQL__'
MYSQL_LIBS='-lmysqlclient'
OBJEXT='o'
ODBC_FLAGS=''
ODBC_LIBS=''
OPTIONAL_FLAGS=' -D__ENABLE_SERVER_DIAGNOSTIC__'
PACKAGE='theforgottenserver'
PACKAGE_BUGREPORT=''
PACKAGE_NAME='TheForgottenServer'
PACKAGE_STRING='TheForgottenServer 0.3.5'
PACKAGE_TARNAME='theforgottenserver'
PACKAGE_URL=''
PACKAGE_VERSION='0.3.5'
PATH_SEPARATOR=':'
PGSQL_FLAGS=''
PGSQL_LIBS=''
PKG_CONFIG='/usr/bin/pkg-config'
PKG_CONFIG_LIBDIR=''
PKG_CONFIG_PATH=''
PROFILER_FLAGS=''
REMOTE_CONTROL_FALSE=''
REMOTE_CONTROL_TRUE='#'
SET_MAKE=''
SHELL='/bin/bash'
SQLITE_FLAGS=''
SQLITE_LIBS=''
STRIP=''
USE_MYSQL_FALSE='#'
USE_MYSQL_TRUE=''
USE_ODBC_FALSE=''
USE_ODBC_TRUE='#'
USE_PGSQL_FALSE=''
USE_PGSQL_TRUE='#'
USE_SQLITE_FALSE=''
USE_SQLITE_TRUE='#'
VERSION='0.3.5'
XML2_CONFIG='/usr/bin/xml2-config'
XML_CPPFLAGS='-I/usr/include/libxml2'
XML_LIBS='-L/usr/lib -lxml2'
ac_ct_CXX='g++'
am__EXEEXT_FALSE=''
am__EXEEXT_TRUE='#'
am__fastdepCXX_FALSE='#'
am__fastdepCXX_TRUE=''
am__include='include'
am__isrc=''
am__leading_dot='.'
am__nodep='_no'
am__quote=''
am__tar='$${TAR-tar} chof - "$$tardir"'
am__untar='$${TAR-tar} xf -'
bindir='${exec_prefix}/bin'
build_alias=''
datadir='${datarootdir}'
datarootdir='${prefix}/share'
docdir='${datarootdir}/doc/${PACKAGE_TARNAME}'
dvidir='${docdir}'
exec_prefix='${prefix}'
host_alias=''
htmldir='${docdir}'
includedir='${prefix}/include'
infodir='${datarootdir}/info'
install_sh='${SHELL} /home/ots/source/install-sh'
libdir='${exec_prefix}/lib'
libexecdir='${exec_prefix}/libexec'
localedir='${datarootdir}/locale'
localstatedir='${prefix}/var'
mandir='${datarootdir}/man'
mkdir_p='/bin/mkdir -p'
oldincludedir='/usr/include'
pdfdir='${docdir}'
prefix='/usr/local'
program_transform_name='s,x,x,'
psdir='${docdir}'
sbindir='${exec_prefix}/sbin'
sharedstatedir='${prefix}/com'
sysconfdir='${prefix}/etc'
target_alias=''

## ----------- ##
## confdefs.h. ##
## ----------- ##

/* confdefs.h */
#define PACKAGE_NAME "TheForgottenServer"
#define PACKAGE_TARNAME "theforgottenserver"
#define PACKAGE_VERSION "0.3.5"
#define PACKAGE_STRING "TheForgottenServer 0.3.5"
#define PACKAGE_BUGREPORT ""
#define PACKAGE_URL ""
#define PACKAGE "theforgottenserver"
#define VERSION "0.3.5"
#define STDC_HEADERS 1
#define HAVE_SYS_TYPES_H 1
#define HAVE_SYS_STAT_H 1
#define HAVE_STDLIB_H 1
#define HAVE_STRING_H 1
#define HAVE_MEMORY_H 1
#define HAVE_STRINGS_H 1
#define HAVE_INTTYPES_H 1
#define HAVE_STDINT_H 1
#define HAVE_UNISTD_H 1
#define HAVE_ARPA_INET_H 1
#define HAVE_NETDB_H 1
#define HAVE_NETINET_IN_H 1
#define HAVE_STDDEF_H 1
#define HAVE_STDINT_H 1
#define HAVE_STDLIB_H 1
#define HAVE_SYS_SOCKET_H 1
#define HAVE_SYS_TIMEB_H 1
#define HAVE_STDBOOL_H 1
#define HAVE_PTRDIFF_T 1
#define HAVE_STDLIB_H 1
#define HAVE_MALLOC 1
#define HAVE_STDLIB_H 1
#define HAVE_REALLOC 1
#define HAVE_FLOOR 1
#define HAVE_FTIME 1
#define HAVE_GETHOSTBYNAME 1
#define HAVE_GETHOSTNAME 1
#define HAVE_MEMSET 1
#define HAVE_POW 1
#define HAVE_SQRT 1
#define HAVE_STRCASECMP 1
#define HAVE_STRNCASECMP 1
#define HAVE_STRSTR 1
#define HAVE_STRTOL 1
#define HAVE_GMP_H 1
#define HAVE_LIBGMP 1
#define HAVE_LIBBOOST_THREAD_MT 1
#define HAVE_LIBBOOST_REGEX_MT 1
#define HAVE_LIBBOOST_SYSTEM_MT 1
#define HAVE_LIBBOOST_DATE_TIME_MT 1
#define HAVE_LIBBOOST_FILESYSTEM_MT 1
#define HAVE_BOOST_ASIO_HPP 1
#define HAVE_BOOST_TR1_UNORDERED_SET_HPP 1
#define HAVE_MYSQL_MYSQL_H 1
#define HAVE_LIBMYSQLCLIENT 1

configure: exit 0
